{"/tmp/front-end/playwright.config.ts": {"path":"/tmp/front-end/playwright.config.ts","all":true,"statementMap":{"0":{"start":{"line":1,"column":0},"end":{"line":1,"column":48}},"1":{"start":{"line":2,"column":0},"end":{"line":2,"column":29}},"2":{"start":{"line":3,"column":0},"end":{"line":3,"column":19}},"3":{"start":{"line":4,"column":0},"end":{"line":4,"column":74}},"4":{"start":{"line":5,"column":0},"end":{"line":5,"column":14}},"5":{"start":{"line":6,"column":0},"end":{"line":6,"column":40}},"6":{"start":{"line":7,"column":0},"end":{"line":7,"column":33}},"7":{"start":{"line":8,"column":0},"end":{"line":8,"column":31}},"8":{"start":{"line":9,"column":0},"end":{"line":9,"column":20}},"9":{"start":{"line":10,"column":0},"end":{"line":10,"column":4}},"10":{"start":{"line":11,"column":0},"end":{"line":11,"column":69}},"11":{"start":{"line":12,"column":0},"end":{"line":12,"column":3}}},"s":{"0":0,"1":0,"2":0,"3":0,"4":0,"5":0,"6":0,"7":0,"8":0,"9":0,"10":0,"11":0},"branchMap":{"0":{"type":"branch","line":1,"loc":{"start":{"line":1,"column":395},"end":{"line":12,"column":3}},"locations":[{"start":{"line":1,"column":395},"end":{"line":12,"column":3}}]}},"b":{"0":[0]},"fnMap":{"0":{"name":"(empty-report)","decl":{"start":{"line":1,"column":395},"end":{"line":12,"column":3}},"loc":{"start":{"line":1,"column":395},"end":{"line":12,"column":3}},"line":1}},"f":{"0":0}}
,"/tmp/front-end/src/main.tsx": {"path":"/tmp/front-end/src/main.tsx","all":true,"statementMap":{"0":{"start":{"line":1,"column":0},"end":{"line":1,"column":35}},"1":{"start":{"line":2,"column":0},"end":{"line":2,"column":46}},"2":{"start":{"line":3,"column":0},"end":{"line":3,"column":21}},"3":{"start":{"line":4,"column":0},"end":{"line":4,"column":32}},"5":{"start":{"line":6,"column":0},"end":{"line":6,"column":52}},"6":{"start":{"line":7,"column":0},"end":{"line":7,"column":14}},"7":{"start":{"line":8,"column":0},"end":{"line":8,"column":11}},"8":{"start":{"line":9,"column":0},"end":{"line":9,"column":16}},"9":{"start":{"line":10,"column":0},"end":{"line":10,"column":2}}},"s":{"0":0,"1":0,"2":0,"3":0,"5":0,"6":0,"7":0,"8":0,"9":0},"branchMap":{"0":{"type":"branch","line":1,"loc":{"start":{"line":1,"column":211},"end":{"line":10,"column":-154}},"locations":[{"start":{"line":1,"column":211},"end":{"line":10,"column":-154}}]}},"b":{"0":[0]},"fnMap":{"0":{"name":"(empty-report)","decl":{"start":{"line":1,"column":211},"end":{"line":10,"column":-154}},"loc":{"start":{"line":1,"column":211},"end":{"line":10,"column":-154}},"line":1}},"f":{"0":0}}
,"/tmp/front-end/src/api/admin.ts": {"path":"/tmp/front-end/src/api/admin.ts","all":false,"statementMap":{"0":{"start":{"line":1,"column":0},"end":{"line":1,"column":37}},"7":{"start":{"line":8,"column":0},"end":{"line":8,"column":67}},"8":{"start":{"line":9,"column":0},"end":{"line":9,"column":58}},"9":{"start":{"line":10,"column":0},"end":{"line":10,"column":1}},"11":{"start":{"line":12,"column":0},"end":{"line":12,"column":36}},"12":{"start":{"line":13,"column":0},"end":{"line":13,"column":23}},"13":{"start":{"line":14,"column":0},"end":{"line":14,"column":26}},"14":{"start":{"line":15,"column":0},"end":{"line":15,"column":57}},"15":{"start":{"line":16,"column":0},"end":{"line":16,"column":19}},"16":{"start":{"line":17,"column":0},"end":{"line":17,"column":43}},"17":{"start":{"line":18,"column":0},"end":{"line":18,"column":5}},"18":{"start":{"line":19,"column":0},"end":{"line":19,"column":1}},"20":{"start":{"line":21,"column":0},"end":{"line":21,"column":36}},"21":{"start":{"line":22,"column":0},"end":{"line":22,"column":13}},"22":{"start":{"line":23,"column":0},"end":{"line":23,"column":23}},"23":{"start":{"line":24,"column":0},"end":{"line":24,"column":26}},"24":{"start":{"line":25,"column":0},"end":{"line":25,"column":63}},"25":{"start":{"line":26,"column":0},"end":{"line":26,"column":18}},"26":{"start":{"line":27,"column":0},"end":{"line":27,"column":43}},"27":{"start":{"line":28,"column":0},"end":{"line":28,"column":5}},"28":{"start":{"line":29,"column":0},"end":{"line":29,"column":1}},"30":{"start":{"line":31,"column":0},"end":{"line":31,"column":64}},"31":{"start":{"line":32,"column":0},"end":{"line":32,"column":14}},"32":{"start":{"line":33,"column":0},"end":{"line":33,"column":69}},"33":{"start":{"line":34,"column":0},"end":{"line":34,"column":25}},"34":{"start":{"line":35,"column":0},"end":{"line":35,"column":4}},"35":{"start":{"line":36,"column":0},"end":{"line":36,"column":1}}},"s":{"0":1,"7":2,"8":2,"9":2,"11":2,"12":2,"13":2,"14":2,"15":2,"16":2,"17":2,"18":2,"20":2,"21":2,"22":2,"23":2,"24":2,"25":2,"26":2,"27":2,"28":2,"30":2,"31":2,"32":2,"33":2,"34":2,"35":2},"branchMap":{"0":{"type":"branch","line":8,"loc":{"start":{"line":8,"column":0},"end":{"line":10,"column":1}},"locations":[{"start":{"line":8,"column":0},"end":{"line":10,"column":1}}]},"1":{"type":"branch","line":12,"loc":{"start":{"line":12,"column":0},"end":{"line":19,"column":1}},"locations":[{"start":{"line":12,"column":0},"end":{"line":19,"column":1}}]},"2":{"type":"branch","line":21,"loc":{"start":{"line":21,"column":0},"end":{"line":29,"column":1}},"locations":[{"start":{"line":21,"column":0},"end":{"line":29,"column":1}}]},"3":{"type":"branch","line":31,"loc":{"start":{"line":31,"column":0},"end":{"line":36,"column":1}},"locations":[{"start":{"line":31,"column":0},"end":{"line":36,"column":1}}]}},"b":{"0":[2],"1":[2],"2":[2],"3":[2]},"fnMap":{"0":{"name":"getAdminKeywords","decl":{"start":{"line":8,"column":0},"end":{"line":10,"column":1}},"loc":{"start":{"line":8,"column":0},"end":{"line":10,"column":1}},"line":8},"1":{"name":"createKeyword","decl":{"start":{"line":12,"column":0},"end":{"line":19,"column":1}},"loc":{"start":{"line":12,"column":0},"end":{"line":19,"column":1}},"line":12},"2":{"name":"updateKeyword","decl":{"start":{"line":21,"column":0},"end":{"line":29,"column":1}},"loc":{"start":{"line":21,"column":0},"end":{"line":29,"column":1}},"line":21},"3":{"name":"deleteKeyword","decl":{"start":{"line":31,"column":0},"end":{"line":36,"column":1}},"loc":{"start":{"line":31,"column":0},"end":{"line":36,"column":1}},"line":31}},"f":{"0":2,"1":2,"2":2,"3":2}}
,"/tmp/front-end/src/api/auth.ts": {"path":"/tmp/front-end/src/api/auth.ts","all":false,"statementMap":{"1":{"start":{"line":2,"column":0},"end":{"line":2,"column":37}},"3":{"start":{"line":4,"column":0},"end":{"line":4,"column":77}},"4":{"start":{"line":5,"column":0},"end":{"line":5,"column":45}},"5":{"start":{"line":6,"column":0},"end":{"line":6,"column":19}},"6":{"start":{"line":7,"column":0},"end":{"line":7,"column":46}},"7":{"start":{"line":8,"column":0},"end":{"line":8,"column":5}},"8":{"start":{"line":9,"column":0},"end":{"line":9,"column":1}},"10":{"start":{"line":11,"column":0},"end":{"line":11,"column":29}},"11":{"start":{"line":12,"column":0},"end":{"line":12,"column":16}},"12":{"start":{"line":13,"column":0},"end":{"line":13,"column":19}},"13":{"start":{"line":14,"column":0},"end":{"line":14,"column":15}},"14":{"start":{"line":15,"column":0},"end":{"line":15,"column":27}},"15":{"start":{"line":16,"column":0},"end":{"line":16,"column":18}},"16":{"start":{"line":17,"column":0},"end":{"line":17,"column":46}},"17":{"start":{"line":18,"column":0},"end":{"line":18,"column":19}},"18":{"start":{"line":19,"column":0},"end":{"line":19,"column":26}},"19":{"start":{"line":20,"column":0},"end":{"line":20,"column":12}},"20":{"start":{"line":21,"column":0},"end":{"line":21,"column":15}},"21":{"start":{"line":22,"column":0},"end":{"line":22,"column":11}},"22":{"start":{"line":23,"column":0},"end":{"line":23,"column":42}},"23":{"start":{"line":24,"column":0},"end":{"line":24,"column":7}},"24":{"start":{"line":25,"column":0},"end":{"line":25,"column":5}},"25":{"start":{"line":26,"column":0},"end":{"line":26,"column":1}},"27":{"start":{"line":28,"column":0},"end":{"line":28,"column":43}},"28":{"start":{"line":29,"column":0},"end":{"line":29,"column":16}},"29":{"start":{"line":30,"column":0},"end":{"line":30,"column":49}},"30":{"start":{"line":31,"column":0},"end":{"line":31,"column":56}},"31":{"start":{"line":32,"column":0},"end":{"line":32,"column":26}},"32":{"start":{"line":33,"column":0},"end":{"line":33,"column":5}},"33":{"start":{"line":34,"column":0},"end":{"line":34,"column":21}},"34":{"start":{"line":35,"column":0},"end":{"line":35,"column":38}},"35":{"start":{"line":36,"column":0},"end":{"line":36,"column":6}},"36":{"start":{"line":37,"column":0},"end":{"line":37,"column":4}},"37":{"start":{"line":38,"column":0},"end":{"line":38,"column":1}}},"s":{"1":1,"3":2,"4":2,"5":2,"6":2,"7":2,"8":2,"10":2,"11":2,"12":2,"13":2,"14":2,"15":2,"16":2,"17":2,"18":2,"19":2,"20":2,"21":2,"22":2,"23":2,"24":2,"25":2,"27":0,"28":0,"29":0,"30":0,"31":0,"32":0,"33":0,"34":0,"35":0,"36":0,"37":0},"branchMap":{"0":{"type":"branch","line":4,"loc":{"start":{"line":4,"column":0},"end":{"line":9,"column":1}},"locations":[{"start":{"line":4,"column":0},"end":{"line":9,"column":1}}]},"1":{"type":"branch","line":11,"loc":{"start":{"line":11,"column":0},"end":{"line":26,"column":1}},"locations":[{"start":{"line":11,"column":0},"end":{"line":26,"column":1}}]}},"b":{"0":[2],"1":[2]},"fnMap":{"0":{"name":"login","decl":{"start":{"line":4,"column":0},"end":{"line":9,"column":1}},"loc":{"start":{"line":4,"column":0},"end":{"line":9,"column":1}},"line":4},"1":{"name":"signup","decl":{"start":{"line":11,"column":0},"end":{"line":26,"column":1}},"loc":{"start":{"line":11,"column":0},"end":{"line":26,"column":1}},"line":11},"2":{"name":"sendVerificationCode","decl":{"start":{"line":28,"column":0},"end":{"line":38,"column":1}},"loc":{"start":{"line":28,"column":0},"end":{"line":38,"column":1}},"line":28}},"f":{"0":2,"1":2,"2":0}}
,"/tmp/front-end/src/api/board.ts": {"path":"/tmp/front-end/src/api/board.ts","all":false,"statementMap":{"1":{"start":{"line":2,"column":0},"end":{"line":2,"column":37}},"3":{"start":{"line":4,"column":0},"end":{"line":4,"column":36}},"4":{"start":{"line":5,"column":0},"end":{"line":5,"column":22}},"5":{"start":{"line":6,"column":0},"end":{"line":6,"column":22}},"6":{"start":{"line":7,"column":0},"end":{"line":7,"column":18}},"7":{"start":{"line":8,"column":0},"end":{"line":8,"column":16}},"8":{"start":{"line":9,"column":0},"end":{"line":9,"column":20}},"9":{"start":{"line":10,"column":0},"end":{"line":10,"column":25}},"10":{"start":{"line":11,"column":0},"end":{"line":11,"column":39}},"11":{"start":{"line":12,"column":0},"end":{"line":12,"column":49}},"12":{"start":{"line":13,"column":0},"end":{"line":13,"column":67}},"13":{"start":{"line":14,"column":0},"end":{"line":14,"column":43}},"14":{"start":{"line":15,"column":0},"end":{"line":15,"column":37}},"15":{"start":{"line":16,"column":0},"end":{"line":16,"column":50}},"17":{"start":{"line":18,"column":0},"end":{"line":18,"column":28}},"18":{"start":{"line":19,"column":0},"end":{"line":19,"column":56}},"19":{"start":{"line":20,"column":0},"end":{"line":20,"column":1}},"21":{"start":{"line":22,"column":0},"end":{"line":22,"column":68}},"22":{"start":{"line":23,"column":0},"end":{"line":23,"column":50}},"23":{"start":{"line":24,"column":0},"end":{"line":24,"column":1}}},"s":{"1":1,"3":6,"4":6,"5":6,"6":6,"7":6,"8":6,"9":6,"10":6,"11":6,"12":6,"13":6,"14":6,"15":6,"17":6,"18":6,"19":6,"21":2,"22":2,"23":2},"branchMap":{"0":{"type":"branch","line":4,"loc":{"start":{"line":4,"column":0},"end":{"line":20,"column":1}},"locations":[{"start":{"line":4,"column":0},"end":{"line":20,"column":1}}]},"1":{"type":"branch","line":12,"loc":{"start":{"line":12,"column":16},"end":{"line":12,"column":49}},"locations":[{"start":{"line":12,"column":16},"end":{"line":12,"column":49}}]},"2":{"type":"branch","line":13,"loc":{"start":{"line":13,"column":6},"end":{"line":13,"column":24}},"locations":[{"start":{"line":13,"column":6},"end":{"line":13,"column":24}}]},"3":{"type":"branch","line":13,"loc":{"start":{"line":13,"column":24},"end":{"line":13,"column":67}},"locations":[{"start":{"line":13,"column":24},"end":{"line":13,"column":67}}]},"4":{"type":"branch","line":14,"loc":{"start":{"line":14,"column":14},"end":{"line":14,"column":43}},"locations":[{"start":{"line":14,"column":14},"end":{"line":14,"column":43}}]},"5":{"type":"branch","line":15,"loc":{"start":{"line":15,"column":12},"end":{"line":15,"column":37}},"locations":[{"start":{"line":15,"column":12},"end":{"line":15,"column":37}}]},"6":{"type":"branch","line":16,"loc":{"start":{"line":16,"column":16},"end":{"line":16,"column":50}},"locations":[{"start":{"line":16,"column":16},"end":{"line":16,"column":50}}]},"7":{"type":"branch","line":22,"loc":{"start":{"line":22,"column":0},"end":{"line":24,"column":1}},"locations":[{"start":{"line":22,"column":0},"end":{"line":24,"column":1}}]}},"b":{"0":[6],"1":[2],"2":[3],"3":[2],"4":[0],"5":[0],"6":[0],"7":[2]},"fnMap":{"0":{"name":"getBoardItems","decl":{"start":{"line":4,"column":0},"end":{"line":20,"column":1}},"loc":{"start":{"line":4,"column":0},"end":{"line":20,"column":1}},"line":4},"1":{"name":"getBoardItem","decl":{"start":{"line":22,"column":0},"end":{"line":24,"column":1}},"loc":{"start":{"line":22,"column":0},"end":{"line":24,"column":1}},"line":22}},"f":{"0":6,"1":2}}
,"/tmp/front-end/src/api/client.ts": {"path":"/tmp/front-end/src/api/client.ts","all":false,"statementMap":{"0":{"start":{"line":1,"column":0},"end":{"line":1,"column":56}},"2":{"start":{"line":3,"column":0},"end":{"line":3,"column":35}},"3":{"start":{"line":4,"column":0},"end":{"line":4,"column":19}},"4":{"start":{"line":5,"column":0},"end":{"line":5,"column":24}},"5":{"start":{"line":6,"column":0},"end":{"line":6,"column":15}},"6":{"start":{"line":7,"column":0},"end":{"line":7,"column":57}},"7":{"start":{"line":8,"column":0},"end":{"line":8,"column":14}},"8":{"start":{"line":9,"column":0},"end":{"line":9,"column":41}},"9":{"start":{"line":10,"column":0},"end":{"line":10,"column":26}},"10":{"start":{"line":11,"column":0},"end":{"line":11,"column":6}},"11":{"start":{"line":12,"column":0},"end":{"line":12,"column":15}},"12":{"start":{"line":13,"column":0},"end":{"line":13,"column":5}},"14":{"start":{"line":15,"column":0},"end":{"line":15,"column":16}},"15":{"start":{"line":16,"column":0},"end":{"line":16,"column":52}},"16":{"start":{"line":17,"column":0},"end":{"line":17,"column":64}},"17":{"start":{"line":18,"column":0},"end":{"line":18,"column":3}},"19":{"start":{"line":20,"column":0},"end":{"line":20,"column":20}},"20":{"start":{"line":21,"column":0},"end":{"line":21,"column":1}}},"s":{"0":1,"2":6,"3":6,"4":6,"5":6,"6":6,"7":6,"8":6,"9":6,"10":6,"11":6,"12":6,"14":6,"15":3,"16":3,"17":3,"19":3,"20":3},"branchMap":{"0":{"type":"branch","line":3,"loc":{"start":{"line":3,"column":0},"end":{"line":21,"column":1}},"locations":[{"start":{"line":3,"column":0},"end":{"line":21,"column":1}}]},"1":{"type":"branch","line":10,"loc":{"start":{"line":10,"column":9},"end":{"line":10,"column":26}},"locations":[{"start":{"line":10,"column":9},"end":{"line":10,"column":26}}]},"2":{"type":"branch","line":15,"loc":{"start":{"line":15,"column":15},"end":{"line":21,"column":1}},"locations":[{"start":{"line":15,"column":15},"end":{"line":21,"column":1}}]},"3":{"type":"branch","line":17,"loc":{"start":{"line":17,"column":20},"end":{"line":17,"column":36}},"locations":[{"start":{"line":17,"column":20},"end":{"line":17,"column":36}}]},"4":{"type":"branch","line":17,"loc":{"start":{"line":17,"column":26},"end":{"line":17,"column":62}},"locations":[{"start":{"line":17,"column":26},"end":{"line":17,"column":62}}]},"5":{"type":"branch","line":16,"loc":{"start":{"line":16,"column":40},"end":{"line":16,"column":50}},"locations":[{"start":{"line":16,"column":40},"end":{"line":16,"column":50}}]}},"b":{"0":[6],"1":[2],"2":[3],"3":[2],"4":[2],"5":[1]},"fnMap":{"0":{"name":"apiClient","decl":{"start":{"line":3,"column":0},"end":{"line":21,"column":1}},"loc":{"start":{"line":3,"column":0},"end":{"line":21,"column":1}},"line":3}},"f":{"0":6}}
,"/tmp/front-end/src/api/keywords.ts": {"path":"/tmp/front-end/src/api/keywords.ts","all":false,"statementMap":{"0":{"start":{"line":1,"column":0},"end":{"line":1,"column":37}},"2":{"start":{"line":3,"column":0},"end":{"line":3,"column":40}},"4":{"start":{"line":5,"column":0},"end":{"line":5,"column":56}},"5":{"start":{"line":6,"column":0},"end":{"line":6,"column":51}},"6":{"start":{"line":7,"column":0},"end":{"line":7,"column":42}},"7":{"start":{"line":8,"column":0},"end":{"line":8,"column":1}},"9":{"start":{"line":10,"column":0},"end":{"line":10,"column":73}},"10":{"start":{"line":11,"column":0},"end":{"line":11,"column":62}},"11":{"start":{"line":12,"column":0},"end":{"line":12,"column":1}},"13":{"start":{"line":14,"column":0},"end":{"line":14,"column":65}},"14":{"start":{"line":15,"column":0},"end":{"line":15,"column":46}},"15":{"start":{"line":16,"column":0},"end":{"line":16,"column":1}}},"s":{"0":1,"2":1,"4":3,"5":3,"6":3,"7":3,"9":3,"10":3,"11":3,"13":2,"14":2,"15":2},"branchMap":{"0":{"type":"branch","line":5,"loc":{"start":{"line":5,"column":0},"end":{"line":8,"column":1}},"locations":[{"start":{"line":5,"column":0},"end":{"line":8,"column":1}}]},"1":{"type":"branch","line":7,"loc":{"start":{"line":7,"column":9},"end":{"line":7,"column":39}},"locations":[{"start":{"line":7,"column":9},"end":{"line":7,"column":39}}]},"2":{"type":"branch","line":7,"loc":{"start":{"line":7,"column":35},"end":{"line":7,"column":42}},"locations":[{"start":{"line":7,"column":35},"end":{"line":7,"column":42}}]},"3":{"type":"branch","line":10,"loc":{"start":{"line":10,"column":0},"end":{"line":12,"column":1}},"locations":[{"start":{"line":10,"column":0},"end":{"line":12,"column":1}}]},"4":{"type":"branch","line":14,"loc":{"start":{"line":14,"column":0},"end":{"line":16,"column":1}},"locations":[{"start":{"line":14,"column":0},"end":{"line":16,"column":1}}]}},"b":{"0":[3],"1":[1],"2":[2],"3":[3],"4":[2]},"fnMap":{"0":{"name":"getKeywords","decl":{"start":{"line":5,"column":0},"end":{"line":8,"column":1}},"loc":{"start":{"line":5,"column":0},"end":{"line":8,"column":1}},"line":5},"1":{"name":"updateKeywords","decl":{"start":{"line":10,"column":0},"end":{"line":12,"column":1}},"loc":{"start":{"line":10,"column":0},"end":{"line":12,"column":1}},"line":10},"2":{"name":"getSuggestedKeywords","decl":{"start":{"line":14,"column":0},"end":{"line":16,"column":1}},"loc":{"start":{"line":14,"column":0},"end":{"line":16,"column":1}},"line":14}},"f":{"0":3,"1":3,"2":2}}
,"/tmp/front-end/src/api/notifications.ts": {"path":"/tmp/front-end/src/api/notifications.ts","all":false,"statementMap":{"1":{"start":{"line":2,"column":0},"end":{"line":2,"column":37}},"3":{"start":{"line":4,"column":0},"end":{"line":4,"column":46}},"4":{"start":{"line":5,"column":0},"end":{"line":5,"column":17}},"5":{"start":{"line":6,"column":0},"end":{"line":6,"column":41}},"6":{"start":{"line":7,"column":0},"end":{"line":7,"column":48}},"7":{"start":{"line":8,"column":0},"end":{"line":8,"column":49}},"8":{"start":{"line":9,"column":0},"end":{"line":9,"column":4}},"9":{"start":{"line":10,"column":0},"end":{"line":10,"column":1}},"11":{"start":{"line":12,"column":0},"end":{"line":12,"column":49}},"12":{"start":{"line":13,"column":0},"end":{"line":13,"column":17}},"13":{"start":{"line":14,"column":0},"end":{"line":14,"column":33}},"14":{"start":{"line":15,"column":0},"end":{"line":15,"column":34}},"15":{"start":{"line":16,"column":0},"end":{"line":16,"column":41}},"16":{"start":{"line":17,"column":0},"end":{"line":17,"column":49}},"17":{"start":{"line":18,"column":0},"end":{"line":18,"column":5}},"18":{"start":{"line":19,"column":0},"end":{"line":19,"column":20}},"19":{"start":{"line":20,"column":0},"end":{"line":20,"column":37}},"20":{"start":{"line":21,"column":0},"end":{"line":21,"column":6}},"21":{"start":{"line":22,"column":0},"end":{"line":22,"column":4}},"22":{"start":{"line":23,"column":0},"end":{"line":23,"column":1}},"24":{"start":{"line":25,"column":0},"end":{"line":25,"column":82}},"25":{"start":{"line":26,"column":0},"end":{"line":26,"column":43}},"26":{"start":{"line":27,"column":0},"end":{"line":27,"column":38}},"27":{"start":{"line":28,"column":0},"end":{"line":28,"column":23}},"28":{"start":{"line":29,"column":0},"end":{"line":29,"column":4}},"29":{"start":{"line":30,"column":0},"end":{"line":30,"column":1}}},"s":{"1":1,"3":3,"4":3,"5":3,"6":3,"7":3,"8":3,"9":3,"11":2,"12":2,"13":2,"14":2,"15":2,"16":2,"17":2,"18":2,"19":2,"20":2,"21":2,"22":2,"24":3,"25":3,"26":3,"27":3,"28":3,"29":3},"branchMap":{"0":{"type":"branch","line":4,"loc":{"start":{"line":4,"column":0},"end":{"line":10,"column":1}},"locations":[{"start":{"line":4,"column":0},"end":{"line":10,"column":1}}]},"1":{"type":"branch","line":12,"loc":{"start":{"line":12,"column":0},"end":{"line":23,"column":1}},"locations":[{"start":{"line":12,"column":0},"end":{"line":23,"column":1}}]},"2":{"type":"branch","line":25,"loc":{"start":{"line":25,"column":0},"end":{"line":30,"column":1}},"locations":[{"start":{"line":25,"column":0},"end":{"line":30,"column":1}}]}},"b":{"0":[3],"1":[2],"2":[3]},"fnMap":{"0":{"name":"getNotificationSettings","decl":{"start":{"line":4,"column":0},"end":{"line":10,"column":1}},"loc":{"start":{"line":4,"column":0},"end":{"line":10,"column":1}},"line":4},"1":{"name":"updateNotificationSettings","decl":{"start":{"line":12,"column":0},"end":{"line":23,"column":1}},"loc":{"start":{"line":12,"column":0},"end":{"line":23,"column":1}},"line":12},"2":{"name":"notifyNow","decl":{"start":{"line":25,"column":0},"end":{"line":30,"column":1}},"loc":{"start":{"line":25,"column":0},"end":{"line":30,"column":1}},"line":25}},"f":{"0":3,"1":2,"2":3}}
,"/tmp/front-end/src/api/recommendations.ts": {"path":"/tmp/front-end/src/api/recommendations.ts","all":false,"statementMap":{"1":{"start":{"line":2,"column":0},"end":{"line":2,"column":37}},"3":{"start":{"line":4,"column":0},"end":{"line":4,"column":40}},"4":{"start":{"line":5,"column":0},"end":{"line":5,"column":17}},"5":{"start":{"line":6,"column":0},"end":{"line":6,"column":28}},"6":{"start":{"line":7,"column":0},"end":{"line":7,"column":59}},"7":{"start":{"line":8,"column":0},"end":{"line":8,"column":62}},"8":{"start":{"line":9,"column":0},"end":{"line":9,"column":39}},"9":{"start":{"line":10,"column":0},"end":{"line":10,"column":66}},"10":{"start":{"line":11,"column":0},"end":{"line":11,"column":35}},"11":{"start":{"line":12,"column":0},"end":{"line":12,"column":47}},"12":{"start":{"line":13,"column":0},"end":{"line":13,"column":4}},"13":{"start":{"line":14,"column":0},"end":{"line":14,"column":1}}},"s":{"1":1,"3":5,"4":5,"5":5,"6":5,"7":5,"8":5,"9":5,"10":5,"11":5,"12":5,"13":5},"branchMap":{"0":{"type":"branch","line":4,"loc":{"start":{"line":4,"column":0},"end":{"line":14,"column":1}},"locations":[{"start":{"line":4,"column":0},"end":{"line":14,"column":1}}]},"1":{"type":"branch","line":8,"loc":{"start":{"line":8,"column":29},"end":{"line":8,"column":59}},"locations":[{"start":{"line":8,"column":29},"end":{"line":8,"column":59}}]},"2":{"type":"branch","line":8,"loc":{"start":{"line":8,"column":55},"end":{"line":8,"column":62}},"locations":[{"start":{"line":8,"column":55},"end":{"line":8,"column":62}}]},"3":{"type":"branch","line":10,"loc":{"start":{"line":10,"column":23},"end":{"line":10,"column":66}},"locations":[{"start":{"line":10,"column":23},"end":{"line":10,"column":66}}]}},"b":{"0":[5],"1":[2],"2":[3],"3":[1]},"fnMap":{"0":{"name":"getRecommendation","decl":{"start":{"line":4,"column":0},"end":{"line":14,"column":1}},"loc":{"start":{"line":4,"column":0},"end":{"line":14,"column":1}},"line":4}},"f":{"0":5}}
,"/tmp/front-end/src/app/App.tsx": {"path":"/tmp/front-end/src/app/App.tsx","all":false,"statementMap":{"0":{"start":{"line":1,"column":0},"end":{"line":1,"column":50}},"1":{"start":{"line":2,"column":0},"end":{"line":2,"column":60}},"2":{"start":{"line":3,"column":0},"end":{"line":3,"column":44}},"3":{"start":{"line":4,"column":0},"end":{"line":4,"column":34}},"5":{"start":{"line":6,"column":0},"end":{"line":6,"column":23}},"6":{"start":{"line":7,"column":0},"end":{"line":7,"column":10}},"7":{"start":{"line":8,"column":0},"end":{"line":8,"column":46}},"8":{"start":{"line":9,"column":0},"end":{"line":9,"column":40}},"9":{"start":{"line":10,"column":0},"end":{"line":10,"column":26}},"11":{"start":{"line":12,"column":0},"end":{"line":12,"column":1}}},"s":{"0":1,"1":1,"2":1,"3":1,"5":1,"6":2,"7":2,"8":2,"9":2,"11":2},"branchMap":{"0":{"type":"branch","line":6,"loc":{"start":{"line":6,"column":7},"end":{"line":12,"column":1}},"locations":[{"start":{"line":6,"column":7},"end":{"line":12,"column":1}}]}},"b":{"0":[2]},"fnMap":{"0":{"name":"App","decl":{"start":{"line":6,"column":7},"end":{"line":12,"column":1}},"loc":{"start":{"line":6,"column":7},"end":{"line":12,"column":1}},"line":6}},"f":{"0":2}}
,"/tmp/front-end/src/app/queryClient.ts": {"path":"/tmp/front-end/src/app/queryClient.ts","all":false,"statementMap":{"0":{"start":{"line":1,"column":0},"end":{"line":1,"column":52}},"2":{"start":{"line":3,"column":0},"end":{"line":3,"column":44}},"3":{"start":{"line":4,"column":0},"end":{"line":4,"column":19}},"4":{"start":{"line":5,"column":0},"end":{"line":5,"column":14}},"5":{"start":{"line":6,"column":0},"end":{"line":6,"column":31}},"6":{"start":{"line":7,"column":0},"end":{"line":7,"column":15}},"7":{"start":{"line":8,"column":0},"end":{"line":8,"column":6}},"8":{"start":{"line":9,"column":0},"end":{"line":9,"column":4}},"9":{"start":{"line":10,"column":0},"end":{"line":10,"column":3}}},"s":{"0":1,"2":1,"3":1,"4":1,"5":1,"6":1,"7":1,"8":1,"9":1},"branchMap":{},"b":{},"fnMap":{},"f":{}}
,"/tmp/front-end/src/app/router.tsx": {"path":"/tmp/front-end/src/app/router.tsx","all":true,"statementMap":{"0":{"start":{"line":1,"column":0},"end":{"line":1,"column":65}},"1":{"start":{"line":2,"column":0},"end":{"line":2,"column":60}},"2":{"start":{"line":3,"column":0},"end":{"line":3,"column":58}},"3":{"start":{"line":4,"column":0},"end":{"line":4,"column":49}},"4":{"start":{"line":5,"column":0},"end":{"line":5,"column":69}},"5":{"start":{"line":6,"column":0},"end":{"line":6,"column":67}},"6":{"start":{"line":7,"column":0},"end":{"line":7,"column":52}},"7":{"start":{"line":8,"column":0},"end":{"line":8,"column":55}},"8":{"start":{"line":9,"column":0},"end":{"line":9,"column":55}},"9":{"start":{"line":10,"column":0},"end":{"line":10,"column":66}},"10":{"start":{"line":11,"column":0},"end":{"line":11,"column":90}},"12":{"start":{"line":13,"column":0},"end":{"line":13,"column":43}},"13":{"start":{"line":14,"column":0},"end":{"line":14,"column":3}},"14":{"start":{"line":15,"column":0},"end":{"line":15,"column":18}},"15":{"start":{"line":16,"column":0},"end":{"line":16,"column":26}},"16":{"start":{"line":17,"column":0},"end":{"line":17,"column":4}},"17":{"start":{"line":18,"column":0},"end":{"line":18,"column":3}},"18":{"start":{"line":19,"column":0},"end":{"line":19,"column":19}},"19":{"start":{"line":20,"column":0},"end":{"line":20,"column":34}},"20":{"start":{"line":21,"column":0},"end":{"line":21,"column":4}},"21":{"start":{"line":22,"column":0},"end":{"line":22,"column":3}},"22":{"start":{"line":23,"column":0},"end":{"line":23,"column":14}},"23":{"start":{"line":24,"column":0},"end":{"line":24,"column":17}},"24":{"start":{"line":25,"column":0},"end":{"line":25,"column":22}},"25":{"start":{"line":26,"column":0},"end":{"line":26,"column":18}},"27":{"start":{"line":28,"column":0},"end":{"line":28,"column":15}},"28":{"start":{"line":29,"column":0},"end":{"line":29,"column":59}},"29":{"start":{"line":30,"column":0},"end":{"line":30,"column":63}},"30":{"start":{"line":31,"column":0},"end":{"line":31,"column":72}},"31":{"start":{"line":32,"column":0},"end":{"line":32,"column":49}},"32":{"start":{"line":33,"column":0},"end":{"line":33,"column":54}},"33":{"start":{"line":34,"column":0},"end":{"line":34,"column":51}},"34":{"start":{"line":35,"column":0},"end":{"line":35,"column":63}},"35":{"start":{"line":36,"column":0},"end":{"line":36,"column":6}},"36":{"start":{"line":37,"column":0},"end":{"line":37,"column":4}},"37":{"start":{"line":38,"column":0},"end":{"line":38,"column":3}}},"s":{"0":0,"1":0,"2":0,"3":0,"4":0,"5":0,"6":0,"7":0,"8":0,"9":0,"10":0,"12":0,"13":0,"14":0,"15":0,"16":0,"17":0,"18":0,"19":0,"20":0,"21":0,"22":0,"23":0,"24":0,"25":0,"27":0,"28":0,"29":0,"30":0,"31":0,"32":0,"33":0,"34":0,"35":0,"36":0,"37":0},"branchMap":{"0":{"type":"branch","line":1,"loc":{"start":{"line":1,"column":1396},"end":{"line":38,"column":3}},"locations":[{"start":{"line":1,"column":1396},"end":{"line":38,"column":3}}]}},"b":{"0":[0]},"fnMap":{"0":{"name":"(empty-report)","decl":{"start":{"line":1,"column":1396},"end":{"line":38,"column":3}},"loc":{"start":{"line":1,"column":1396},"end":{"line":38,"column":3}},"line":1}},"f":{"0":0}}
,"/tmp/front-end/src/components/common/BoardCard.tsx": {"path":"/tmp/front-end/src/components/common/BoardCard.tsx","all":false,"statementMap":{"0":{"start":{"line":1,"column":0},"end":{"line":1,"column":40}},"1":{"start":{"line":2,"column":0},"end":{"line":2,"column":8}},"8":{"start":{"line":9,"column":0},"end":{"line":9,"column":46}},"11":{"start":{"line":12,"column":0},"end":{"line":12,"column":48}},"12":{"start":{"line":13,"column":0},"end":{"line":13,"column":12}},"13":{"start":{"line":14,"column":0},"end":{"line":14,"column":21}},"14":{"start":{"line":15,"column":0},"end":{"line":15,"column":21}},"15":{"start":{"line":16,"column":0},"end":{"line":16,"column":2}},"17":{"start":{"line":18,"column":0},"end":{"line":18,"column":48}},"18":{"start":{"line":19,"column":0},"end":{"line":19,"column":35}},"19":{"start":{"line":20,"column":0},"end":{"line":20,"column":46}},"20":{"start":{"line":21,"column":0},"end":{"line":21,"column":45}},"21":{"start":{"line":22,"column":0},"end":{"line":22,"column":2}},"23":{"start":{"line":24,"column":0},"end":{"line":24,"column":50}},"24":{"start":{"line":25,"column":0},"end":{"line":25,"column":33}},"25":{"start":{"line":26,"column":0},"end":{"line":26,"column":33}},"26":{"start":{"line":27,"column":0},"end":{"line":27,"column":39}},"27":{"start":{"line":28,"column":0},"end":{"line":28,"column":39}},"28":{"start":{"line":29,"column":0},"end":{"line":29,"column":36}},"29":{"start":{"line":30,"column":0},"end":{"line":30,"column":2}},"31":{"start":{"line":32,"column":0},"end":{"line":32,"column":55}},"33":{"start":{"line":34,"column":0},"end":{"line":34,"column":52}},"34":{"start":{"line":35,"column":0},"end":{"line":35,"column":17}},"35":{"start":{"line":36,"column":0},"end":{"line":36,"column":15}},"36":{"start":{"line":37,"column":0},"end":{"line":37,"column":25}},"37":{"start":{"line":38,"column":0},"end":{"line":38,"column":21}},"38":{"start":{"line":39,"column":0},"end":{"line":39,"column":1}},"44":{"start":{"line":45,"column":0},"end":{"line":45,"column":55}},"45":{"start":{"line":46,"column":0},"end":{"line":46,"column":32}},"46":{"start":{"line":47,"column":0},"end":{"line":47,"column":78}},"47":{"start":{"line":48,"column":0},"end":{"line":48,"column":3}},"48":{"start":{"line":49,"column":0},"end":{"line":49,"column":26}},"49":{"start":{"line":50,"column":0},"end":{"line":50,"column":71}},"50":{"start":{"line":51,"column":0},"end":{"line":51,"column":3}},"51":{"start":{"line":52,"column":0},"end":{"line":52,"column":22}},"52":{"start":{"line":53,"column":0},"end":{"line":53,"column":12}},"53":{"start":{"line":54,"column":0},"end":{"line":54,"column":54}},"54":{"start":{"line":55,"column":0},"end":{"line":55,"column":27}},"55":{"start":{"line":56,"column":0},"end":{"line":56,"column":13}},"57":{"start":{"line":58,"column":0},"end":{"line":58,"column":3}},"58":{"start":{"line":59,"column":0},"end":{"line":59,"column":14}},"59":{"start":{"line":60,"column":0},"end":{"line":60,"column":1}},"61":{"start":{"line":62,"column":0},"end":{"line":62,"column":54}},"62":{"start":{"line":63,"column":0},"end":{"line":63,"column":49}},"63":{"start":{"line":64,"column":0},"end":{"line":64,"column":47}},"64":{"start":{"line":65,"column":0},"end":{"line":65,"column":27}},"65":{"start":{"line":66,"column":0},"end":{"line":66,"column":14}},"66":{"start":{"line":67,"column":0},"end":{"line":67,"column":10}},"67":{"start":{"line":68,"column":0},"end":{"line":68,"column":29}},"68":{"start":{"line":69,"column":0},"end":{"line":69,"column":18}},"69":{"start":{"line":70,"column":0},"end":{"line":70,"column":21}},"70":{"start":{"line":71,"column":0},"end":{"line":71,"column":33}},"71":{"start":{"line":72,"column":0},"end":{"line":72,"column":67}},"73":{"start":{"line":74,"column":0},"end":{"line":74,"column":17}},"74":{"start":{"line":75,"column":0},"end":{"line":75,"column":20}},"75":{"start":{"line":76,"column":0},"end":{"line":76,"column":13}},"76":{"start":{"line":77,"column":0},"end":{"line":77,"column":11}},"78":{"start":{"line":79,"column":0},"end":{"line":79,"column":5}},"79":{"start":{"line":80,"column":0},"end":{"line":80,"column":3}},"80":{"start":{"line":81,"column":0},"end":{"line":81,"column":10}},"81":{"start":{"line":82,"column":0},"end":{"line":82,"column":73}},"82":{"start":{"line":83,"column":0},"end":{"line":83,"column":37}},"83":{"start":{"line":84,"column":0},"end":{"line":84,"column":12}},"85":{"start":{"line":86,"column":0},"end":{"line":86,"column":1}},"87":{"start":{"line":88,"column":0},"end":{"line":88,"column":53}},"88":{"start":{"line":89,"column":0},"end":{"line":89,"column":10}},"89":{"start":{"line":90,"column":0},"end":{"line":90,"column":35}},"90":{"start":{"line":91,"column":0},"end":{"line":91,"column":60}},"91":{"start":{"line":92,"column":0},"end":{"line":92,"column":37}},"92":{"start":{"line":93,"column":0},"end":{"line":93,"column":61}},"93":{"start":{"line":94,"column":0},"end":{"line":94,"column":40}},"94":{"start":{"line":95,"column":0},"end":{"line":95,"column":80}},"95":{"start":{"line":96,"column":0},"end":{"line":96,"column":41}},"96":{"start":{"line":97,"column":0},"end":{"line":97,"column":16}},"97":{"start":{"line":98,"column":0},"end":{"line":98,"column":65}},"98":{"start":{"line":99,"column":0},"end":{"line":99,"column":21}},"99":{"start":{"line":100,"column":0},"end":{"line":100,"column":21}},"100":{"start":{"line":101,"column":0},"end":{"line":101,"column":59}},"101":{"start":{"line":102,"column":0},"end":{"line":102,"column":22}},"102":{"start":{"line":103,"column":0},"end":{"line":103,"column":13}},"103":{"start":{"line":104,"column":0},"end":{"line":104,"column":11}},"105":{"start":{"line":106,"column":0},"end":{"line":106,"column":1}}},"s":{"0":1,"1":1,"8":1,"11":1,"12":1,"13":1,"14":1,"15":1,"17":1,"18":1,"19":1,"20":1,"21":1,"23":1,"24":1,"25":1,"26":1,"27":1,"28":1,"29":1,"31":1,"33":6,"34":6,"35":6,"36":6,"37":6,"38":6,"44":15,"45":15,"46":3,"47":3,"48":15,"49":1,"50":1,"51":15,"52":6,"53":6,"54":6,"55":6,"57":6,"58":5,"59":5,"61":15,"62":15,"63":6,"64":6,"65":6,"66":6,"67":6,"68":6,"69":6,"70":6,"71":6,"73":6,"74":6,"75":6,"76":6,"78":6,"79":6,"80":9,"81":9,"82":9,"83":9,"85":9,"87":1,"88":15,"89":15,"90":15,"91":15,"92":15,"93":15,"94":15,"95":15,"96":15,"97":15,"98":15,"99":15,"100":15,"101":15,"102":15,"103":15,"105":15},"branchMap":{"0":{"type":"branch","line":34,"loc":{"start":{"line":34,"column":0},"end":{"line":39,"column":1}},"locations":[{"start":{"line":34,"column":0},"end":{"line":39,"column":1}}]},"1":{"type":"branch","line":37,"loc":{"start":{"line":37,"column":9},"end":{"line":37,"column":24}},"locations":[{"start":{"line":37,"column":9},"end":{"line":37,"column":24}}]},"2":{"type":"branch","line":45,"loc":{"start":{"line":45,"column":0},"end":{"line":60,"column":1}},"locations":[{"start":{"line":45,"column":0},"end":{"line":60,"column":1}}]},"3":{"type":"branch","line":46,"loc":{"start":{"line":46,"column":31},"end":{"line":48,"column":3}},"locations":[{"start":{"line":46,"column":31},"end":{"line":48,"column":3}}]},"4":{"type":"branch","line":48,"loc":{"start":{"line":48,"column":2},"end":{"line":49,"column":25}},"locations":[{"start":{"line":48,"column":2},"end":{"line":49,"column":25}}]},"5":{"type":"branch","line":49,"loc":{"start":{"line":49,"column":25},"end":{"line":51,"column":3}},"locations":[{"start":{"line":49,"column":25},"end":{"line":51,"column":3}}]},"6":{"type":"branch","line":51,"loc":{"start":{"line":51,"column":2},"end":{"line":52,"column":21}},"locations":[{"start":{"line":51,"column":2},"end":{"line":52,"column":21}}]},"7":{"type":"branch","line":52,"loc":{"start":{"line":52,"column":21},"end":{"line":58,"column":3}},"locations":[{"start":{"line":52,"column":21},"end":{"line":58,"column":3}}]},"8":{"type":"branch","line":58,"loc":{"start":{"line":58,"column":2},"end":{"line":60,"column":1}},"locations":[{"start":{"line":58,"column":2},"end":{"line":60,"column":1}}]},"9":{"type":"branch","line":62,"loc":{"start":{"line":62,"column":0},"end":{"line":86,"column":1}},"locations":[{"start":{"line":62,"column":0},"end":{"line":86,"column":1}}]},"10":{"type":"branch","line":63,"loc":{"start":{"line":63,"column":24},"end":{"line":63,"column":48}},"locations":[{"start":{"line":63,"column":24},"end":{"line":63,"column":48}}]},"11":{"type":"branch","line":63,"loc":{"start":{"line":63,"column":48},"end":{"line":80,"column":3}},"locations":[{"start":{"line":63,"column":48},"end":{"line":80,"column":3}}]},"12":{"type":"branch","line":80,"loc":{"start":{"line":80,"column":2},"end":{"line":86,"column":1}},"locations":[{"start":{"line":80,"column":2},"end":{"line":86,"column":1}}]},"13":{"type":"branch","line":68,"loc":{"start":{"line":68,"column":21},"end":{"line":75,"column":20}},"locations":[{"start":{"line":68,"column":21},"end":{"line":75,"column":20}}]},"14":{"type":"branch","line":72,"loc":{"start":{"line":72,"column":43},"end":{"line":72,"column":67}},"locations":[{"start":{"line":72,"column":43},"end":{"line":72,"column":67}}]},"15":{"type":"branch","line":88,"loc":{"start":{"line":88,"column":7},"end":{"line":106,"column":1}},"locations":[{"start":{"line":88,"column":7},"end":{"line":106,"column":1}}]}},"b":{"0":[6],"1":[6],"2":[15],"3":[3],"4":[12],"5":[1],"6":[11],"7":[6],"8":[5],"9":[15],"10":[12],"11":[6],"12":[9],"13":[6],"14":[1],"15":[15]},"fnMap":{"0":{"name":"splitWorkType","decl":{"start":{"line":34,"column":0},"end":{"line":39,"column":1}},"loc":{"start":{"line":34,"column":0},"end":{"line":39,"column":1}},"line":34},"1":{"name":"DeadlineLabel","decl":{"start":{"line":45,"column":0},"end":{"line":60,"column":1}},"loc":{"start":{"line":45,"column":0},"end":{"line":60,"column":1}},"line":45},"2":{"name":"HeaderBadges","decl":{"start":{"line":62,"column":0},"end":{"line":86,"column":1}},"loc":{"start":{"line":62,"column":0},"end":{"line":86,"column":1}},"line":62},"3":{"name":"BoardCard","decl":{"start":{"line":88,"column":7},"end":{"line":106,"column":1}},"loc":{"start":{"line":88,"column":7},"end":{"line":106,"column":1}},"line":88}},"f":{"0":6,"1":15,"2":15,"3":15}}
,"/tmp/front-end/src/components/common/CategoryTabs.tsx": {"path":"/tmp/front-end/src/components/common/CategoryTabs.tsx","all":false,"statementMap":{"0":{"start":{"line":1,"column":0},"end":{"line":1,"column":67}},"7":{"start":{"line":8,"column":0},"end":{"line":8,"column":56}},"8":{"start":{"line":9,"column":0},"end":{"line":9,"column":32}},"9":{"start":{"line":10,"column":0},"end":{"line":10,"column":43}},"10":{"start":{"line":11,"column":0},"end":{"line":11,"column":32}},"11":{"start":{"line":12,"column":0},"end":{"line":12,"column":41}},"12":{"start":{"line":13,"column":0},"end":{"line":13,"column":41}},"13":{"start":{"line":14,"column":0},"end":{"line":14,"column":2}},"15":{"start":{"line":16,"column":0},"end":{"line":16,"column":70}},"16":{"start":{"line":17,"column":0},"end":{"line":17,"column":10}},"17":{"start":{"line":18,"column":0},"end":{"line":18,"column":49}},"18":{"start":{"line":19,"column":0},"end":{"line":19,"column":16}},"19":{"start":{"line":20,"column":0},"end":{"line":20,"column":34}},"20":{"start":{"line":21,"column":0},"end":{"line":21,"column":57}},"21":{"start":{"line":22,"column":0},"end":{"line":22,"column":23}},"22":{"start":{"line":23,"column":0},"end":{"line":23,"column":24}},"23":{"start":{"line":24,"column":0},"end":{"line":24,"column":11}},"24":{"start":{"line":25,"column":0},"end":{"line":25,"column":17}},"25":{"start":{"line":26,"column":0},"end":{"line":26,"column":11}},"27":{"start":{"line":28,"column":0},"end":{"line":28,"column":1}}},"s":{"0":1,"7":1,"8":1,"9":1,"10":1,"11":1,"12":1,"13":1,"15":1,"16":26,"17":26,"18":26,"19":26,"20":130,"21":130,"22":130,"23":26,"24":26,"25":26,"27":26},"branchMap":{"0":{"type":"branch","line":16,"loc":{"start":{"line":16,"column":7},"end":{"line":28,"column":1}},"locations":[{"start":{"line":16,"column":7},"end":{"line":28,"column":1}}]},"1":{"type":"branch","line":20,"loc":{"start":{"line":20,"column":24},"end":{"line":23,"column":24}},"locations":[{"start":{"line":20,"column":24},"end":{"line":23,"column":24}}]}},"b":{"0":[26],"1":[130]},"fnMap":{"0":{"name":"CategoryTabs","decl":{"start":{"line":16,"column":7},"end":{"line":28,"column":1}},"loc":{"start":{"line":16,"column":7},"end":{"line":28,"column":1}},"line":16}},"f":{"0":26}}
,"/tmp/front-end/src/components/common/ExpiredFilterToggle.tsx": {"path":"/tmp/front-end/src/components/common/ExpiredFilterToggle.tsx","all":false,"statementMap":{"5":{"start":{"line":6,"column":0},"end":{"line":6,"column":67}},"6":{"start":{"line":7,"column":0},"end":{"line":7,"column":10}},"7":{"start":{"line":8,"column":0},"end":{"line":8,"column":106}},"8":{"start":{"line":9,"column":0},"end":{"line":9,"column":12}},"9":{"start":{"line":10,"column":0},"end":{"line":10,"column":23}},"10":{"start":{"line":11,"column":0},"end":{"line":11,"column":61}},"11":{"start":{"line":12,"column":0},"end":{"line":12,"column":25}},"12":{"start":{"line":13,"column":0},"end":{"line":13,"column":52}},"13":{"start":{"line":14,"column":0},"end":{"line":14,"column":8}},"15":{"start":{"line":16,"column":0},"end":{"line":16,"column":12}},"17":{"start":{"line":18,"column":0},"end":{"line":18,"column":1}}},"s":{"5":1,"6":26,"7":26,"8":26,"9":26,"10":26,"11":26,"12":26,"13":26,"15":26,"17":26},"branchMap":{"0":{"type":"branch","line":6,"loc":{"start":{"line":6,"column":7},"end":{"line":18,"column":1}},"locations":[{"start":{"line":6,"column":7},"end":{"line":18,"column":1}}]},"1":{"type":"branch","line":13,"loc":{"start":{"line":13,"column":18},"end":{"line":13,"column":52}},"locations":[{"start":{"line":13,"column":18},"end":{"line":13,"column":52}}]}},"b":{"0":[26],"1":[2]},"fnMap":{"0":{"name":"ExpiredFilterToggle","decl":{"start":{"line":6,"column":7},"end":{"line":18,"column":1}},"loc":{"start":{"line":6,"column":7},"end":{"line":18,"column":1}},"line":6},"1":{"name":"onChange","decl":{"start":{"line":13,"column":18},"end":{"line":13,"column":52}},"loc":{"start":{"line":13,"column":18},"end":{"line":13,"column":52}},"line":13}},"f":{"0":26,"1":2}}
,"/tmp/front-end/src/components/common/KeywordChip.tsx": {"path":"/tmp/front-end/src/components/common/KeywordChip.tsx","all":false,"statementMap":{"0":{"start":{"line":1,"column":0},"end":{"line":1,"column":46}},"1":{"start":{"line":2,"column":0},"end":{"line":2,"column":33}},"10":{"start":{"line":11,"column":0},"end":{"line":11,"column":29}},"11":{"start":{"line":12,"column":0},"end":{"line":12,"column":10}},"12":{"start":{"line":13,"column":0},"end":{"line":13,"column":11}},"13":{"start":{"line":14,"column":0},"end":{"line":14,"column":10}},"14":{"start":{"line":15,"column":0},"end":{"line":15,"column":22}},"15":{"start":{"line":16,"column":0},"end":{"line":16,"column":22}},"16":{"start":{"line":17,"column":0},"end":{"line":17,"column":10}},"17":{"start":{"line":18,"column":0},"end":{"line":18,"column":10}},"18":{"start":{"line":19,"column":0},"end":{"line":19,"column":23}},"19":{"start":{"line":20,"column":0},"end":{"line":20,"column":56}},"20":{"start":{"line":21,"column":0},"end":{"line":21,"column":23}},"22":{"start":{"line":23,"column":0},"end":{"line":23,"column":15}},"23":{"start":{"line":24,"column":0},"end":{"line":24,"column":20}},"24":{"start":{"line":25,"column":0},"end":{"line":25,"column":15}},"25":{"start":{"line":26,"column":0},"end":{"line":26,"column":23}},"26":{"start":{"line":27,"column":0},"end":{"line":27,"column":27}},"27":{"start":{"line":28,"column":0},"end":{"line":28,"column":32}},"28":{"start":{"line":29,"column":0},"end":{"line":29,"column":23}},"29":{"start":{"line":30,"column":0},"end":{"line":30,"column":12}},"30":{"start":{"line":31,"column":0},"end":{"line":31,"column":41}},"32":{"start":{"line":33,"column":0},"end":{"line":33,"column":35}},"33":{"start":{"line":34,"column":0},"end":{"line":34,"column":17}},"35":{"start":{"line":36,"column":0},"end":{"line":36,"column":12}},"37":{"start":{"line":38,"column":0},"end":{"line":38,"column":1}}},"s":{"0":1,"1":1,"10":1,"11":53,"12":53,"13":53,"14":53,"15":53,"16":53,"17":53,"18":53,"19":53,"20":53,"22":53,"23":53,"24":32,"25":32,"26":32,"27":2,"28":2,"29":2,"30":32,"32":32,"33":32,"35":53,"37":53},"branchMap":{"0":{"type":"branch","line":11,"loc":{"start":{"line":11,"column":7},"end":{"line":38,"column":1}},"locations":[{"start":{"line":11,"column":7},"end":{"line":38,"column":1}}]},"1":{"type":"branch","line":24,"loc":{"start":{"line":24,"column":7},"end":{"line":34,"column":17}},"locations":[{"start":{"line":24,"column":7},"end":{"line":34,"column":17}}]},"2":{"type":"branch","line":27,"loc":{"start":{"line":27,"column":19},"end":{"line":30,"column":12}},"locations":[{"start":{"line":27,"column":19},"end":{"line":30,"column":12}}]}},"b":{"0":[53],"1":[32],"2":[2]},"fnMap":{"0":{"name":"KeywordChip","decl":{"start":{"line":11,"column":7},"end":{"line":38,"column":1}},"loc":{"start":{"line":11,"column":7},"end":{"line":38,"column":1}},"line":11},"1":{"name":"onClick","decl":{"start":{"line":27,"column":19},"end":{"line":30,"column":12}},"loc":{"start":{"line":27,"column":19},"end":{"line":30,"column":12}},"line":27}},"f":{"0":53,"1":2}}
,"/tmp/front-end/src/components/common/KeywordForm.tsx": {"path":"/tmp/front-end/src/components/common/KeywordForm.tsx","all":false,"statementMap":{"0":{"start":{"line":1,"column":0},"end":{"line":1,"column":44}},"1":{"start":{"line":2,"column":0},"end":{"line":2,"column":46}},"2":{"start":{"line":3,"column":0},"end":{"line":3,"column":48}},"3":{"start":{"line":4,"column":0},"end":{"line":4,"column":54}},"4":{"start":{"line":5,"column":0},"end":{"line":5,"column":44}},"5":{"start":{"line":6,"column":0},"end":{"line":6,"column":54}},"17":{"start":{"line":18,"column":0},"end":{"line":18,"column":29}},"18":{"start":{"line":19,"column":0},"end":{"line":19,"column":23}},"19":{"start":{"line":20,"column":0},"end":{"line":20,"column":11}},"20":{"start":{"line":21,"column":0},"end":{"line":21,"column":14}},"21":{"start":{"line":22,"column":0},"end":{"line":22,"column":8}},"22":{"start":{"line":23,"column":0},"end":{"line":23,"column":11}},"23":{"start":{"line":24,"column":0},"end":{"line":24,"column":22}},"24":{"start":{"line":25,"column":0},"end":{"line":25,"column":19}},"25":{"start":{"line":26,"column":0},"end":{"line":26,"column":22}},"26":{"start":{"line":27,"column":0},"end":{"line":27,"column":70}},"27":{"start":{"line":28,"column":0},"end":{"line":28,"column":51}},"28":{"start":{"line":29,"column":0},"end":{"line":29,"column":75}},"30":{"start":{"line":31,"column":0},"end":{"line":31,"column":19}},"31":{"start":{"line":32,"column":0},"end":{"line":32,"column":70}},"32":{"start":{"line":33,"column":0},"end":{"line":33,"column":9}},"34":{"start":{"line":35,"column":0},"end":{"line":35,"column":19}},"35":{"start":{"line":36,"column":0},"end":{"line":36,"column":33}},"36":{"start":{"line":37,"column":0},"end":{"line":37,"column":35}},"38":{"start":{"line":39,"column":0},"end":{"line":39,"column":43}},"39":{"start":{"line":40,"column":0},"end":{"line":40,"column":35}},"40":{"start":{"line":41,"column":0},"end":{"line":41,"column":49}},"41":{"start":{"line":42,"column":0},"end":{"line":42,"column":42}},"42":{"start":{"line":43,"column":0},"end":{"line":43,"column":5}},"43":{"start":{"line":44,"column":0},"end":{"line":44,"column":22}},"44":{"start":{"line":45,"column":0},"end":{"line":45,"column":4}},"46":{"start":{"line":47,"column":0},"end":{"line":47,"column":46}},"47":{"start":{"line":48,"column":0},"end":{"line":48,"column":55}},"48":{"start":{"line":49,"column":0},"end":{"line":49,"column":4}},"50":{"start":{"line":51,"column":0},"end":{"line":51,"column":53}},"51":{"start":{"line":52,"column":0},"end":{"line":52,"column":28}},"52":{"start":{"line":53,"column":0},"end":{"line":53,"column":25}},"53":{"start":{"line":54,"column":0},"end":{"line":54,"column":29}},"54":{"start":{"line":55,"column":0},"end":{"line":55,"column":5}},"55":{"start":{"line":56,"column":0},"end":{"line":56,"column":4}},"57":{"start":{"line":58,"column":0},"end":{"line":58,"column":10}},"58":{"start":{"line":59,"column":0},"end":{"line":59,"column":56}},"59":{"start":{"line":60,"column":0},"end":{"line":60,"column":53}},"61":{"start":{"line":62,"column":0},"end":{"line":62,"column":34}},"62":{"start":{"line":63,"column":0},"end":{"line":63,"column":14}},"63":{"start":{"line":64,"column":0},"end":{"line":64,"column":37}},"64":{"start":{"line":65,"column":0},"end":{"line":65,"column":28}},"65":{"start":{"line":66,"column":0},"end":{"line":66,"column":57}},"66":{"start":{"line":67,"column":0},"end":{"line":67,"column":35}},"67":{"start":{"line":68,"column":0},"end":{"line":68,"column":10}},"68":{"start":{"line":69,"column":0},"end":{"line":69,"column":85}},"70":{"start":{"line":71,"column":0},"end":{"line":71,"column":17}},"71":{"start":{"line":72,"column":0},"end":{"line":72,"column":12}},"73":{"start":{"line":74,"column":0},"end":{"line":74,"column":31}},"74":{"start":{"line":75,"column":0},"end":{"line":75,"column":35}},"75":{"start":{"line":76,"column":0},"end":{"line":76,"column":67}},"77":{"start":{"line":78,"column":0},"end":{"line":78,"column":14}},"78":{"start":{"line":79,"column":0},"end":{"line":79,"column":48}},"79":{"start":{"line":80,"column":0},"end":{"line":80,"column":40}},"80":{"start":{"line":81,"column":0},"end":{"line":81,"column":26}},"81":{"start":{"line":82,"column":0},"end":{"line":82,"column":29}},"82":{"start":{"line":83,"column":0},"end":{"line":83,"column":33}},"83":{"start":{"line":84,"column":0},"end":{"line":84,"column":55}},"84":{"start":{"line":85,"column":0},"end":{"line":85,"column":16}},"85":{"start":{"line":86,"column":0},"end":{"line":86,"column":15}},"86":{"start":{"line":87,"column":0},"end":{"line":87,"column":16}},"87":{"start":{"line":88,"column":0},"end":{"line":88,"column":14}},"90":{"start":{"line":91,"column":0},"end":{"line":91,"column":19}},"92":{"start":{"line":93,"column":0},"end":{"line":93,"column":33}},"93":{"start":{"line":94,"column":0},"end":{"line":94,"column":65}},"95":{"start":{"line":96,"column":0},"end":{"line":96,"column":12}},"96":{"start":{"line":97,"column":0},"end":{"line":97,"column":46}},"97":{"start":{"line":98,"column":0},"end":{"line":98,"column":28}},"98":{"start":{"line":99,"column":0},"end":{"line":99,"column":49}},"99":{"start":{"line":100,"column":0},"end":{"line":100,"column":31}},"100":{"start":{"line":101,"column":0},"end":{"line":101,"column":26}},"101":{"start":{"line":102,"column":0},"end":{"line":102,"column":29}},"102":{"start":{"line":103,"column":0},"end":{"line":103,"column":33}},"103":{"start":{"line":104,"column":0},"end":{"line":104,"column":33}},"104":{"start":{"line":105,"column":0},"end":{"line":105,"column":51}},"105":{"start":{"line":106,"column":0},"end":{"line":106,"column":16}},"106":{"start":{"line":107,"column":0},"end":{"line":107,"column":15}},"107":{"start":{"line":108,"column":0},"end":{"line":108,"column":14}},"108":{"start":{"line":109,"column":0},"end":{"line":109,"column":12}},"110":{"start":{"line":111,"column":0},"end":{"line":111,"column":36}},"111":{"start":{"line":112,"column":0},"end":{"line":112,"column":41}},"112":{"start":{"line":113,"column":0},"end":{"line":113,"column":24}},"113":{"start":{"line":114,"column":0},"end":{"line":114,"column":76}},"115":{"start":{"line":116,"column":0},"end":{"line":116,"column":21}},"117":{"start":{"line":118,"column":0},"end":{"line":118,"column":72}},"118":{"start":{"line":119,"column":0},"end":{"line":119,"column":33}},"119":{"start":{"line":120,"column":0},"end":{"line":120,"column":19}},"120":{"start":{"line":121,"column":0},"end":{"line":121,"column":14}},"122":{"start":{"line":123,"column":0},"end":{"line":123,"column":10}},"124":{"start":{"line":125,"column":0},"end":{"line":125,"column":1}}},"s":{"0":1,"1":1,"2":1,"3":1,"4":1,"5":1,"17":1,"18":38,"19":38,"20":38,"21":38,"22":38,"23":38,"24":38,"25":38,"26":38,"27":38,"28":38,"30":38,"31":23,"32":38,"34":38,"35":27,"36":38,"38":38,"39":5,"40":5,"41":4,"42":4,"43":5,"44":5,"46":38,"47":0,"48":0,"50":38,"51":1,"52":1,"53":1,"54":1,"55":1,"57":38,"58":38,"59":38,"61":38,"62":38,"63":38,"64":38,"65":38,"66":38,"67":38,"68":38,"70":38,"71":38,"73":38,"74":19,"75":19,"77":19,"78":19,"79":19,"80":29,"81":29,"82":29,"83":29,"84":29,"85":19,"86":19,"87":19,"90":38,"92":38,"93":38,"95":38,"96":38,"97":38,"98":38,"99":38,"100":12,"101":12,"102":12,"103":12,"104":12,"105":12,"106":38,"107":38,"108":38,"110":38,"111":29,"112":29,"113":1,"115":1,"117":29,"118":29,"119":29,"120":29,"122":38,"124":38},"branchMap":{"0":{"type":"branch","line":18,"loc":{"start":{"line":18,"column":7},"end":{"line":125,"column":1}},"locations":[{"start":{"line":18,"column":7},"end":{"line":125,"column":1}}]},"1":{"type":"branch","line":74,"loc":{"start":{"line":74,"column":25},"end":{"line":88,"column":14}},"locations":[{"start":{"line":74,"column":25},"end":{"line":88,"column":14}}]},"2":{"type":"branch","line":111,"loc":{"start":{"line":111,"column":8},"end":{"line":111,"column":36}},"locations":[{"start":{"line":111,"column":8},"end":{"line":111,"column":36}}]},"3":{"type":"branch","line":111,"loc":{"start":{"line":111,"column":23},"end":{"line":121,"column":14}},"locations":[{"start":{"line":111,"column":23},"end":{"line":121,"column":14}}]},"4":{"type":"branch","line":113,"loc":{"start":{"line":113,"column":11},"end":{"line":116,"column":21}},"locations":[{"start":{"line":113,"column":11},"end":{"line":116,"column":21}}]},"5":{"type":"branch","line":119,"loc":{"start":{"line":119,"column":13},"end":{"line":119,"column":33}},"locations":[{"start":{"line":119,"column":13},"end":{"line":119,"column":33}}]},"6":{"type":"branch","line":31,"loc":{"start":{"line":31,"column":12},"end":{"line":33,"column":5}},"locations":[{"start":{"line":31,"column":12},"end":{"line":33,"column":5}}]},"7":{"type":"branch","line":35,"loc":{"start":{"line":35,"column":12},"end":{"line":37,"column":5}},"locations":[{"start":{"line":35,"column":12},"end":{"line":37,"column":5}}]},"8":{"type":"branch","line":36,"loc":{"start":{"line":36,"column":4},"end":{"line":36,"column":33}},"locations":[{"start":{"line":36,"column":4},"end":{"line":36,"column":33}}]},"9":{"type":"branch","line":39,"loc":{"start":{"line":39,"column":21},"end":{"line":45,"column":4}},"locations":[{"start":{"line":39,"column":21},"end":{"line":45,"column":4}}]},"10":{"type":"branch","line":41,"loc":{"start":{"line":41,"column":48},"end":{"line":43,"column":5}},"locations":[{"start":{"line":41,"column":48},"end":{"line":43,"column":5}}]},"11":{"type":"branch","line":51,"loc":{"start":{"line":51,"column":24},"end":{"line":56,"column":4}},"locations":[{"start":{"line":51,"column":24},"end":{"line":56,"column":4}}]},"12":{"type":"branch","line":66,"loc":{"start":{"line":66,"column":20},"end":{"line":66,"column":57}},"locations":[{"start":{"line":66,"column":20},"end":{"line":66,"column":57}}]},"13":{"type":"branch","line":69,"loc":{"start":{"line":69,"column":25},"end":{"line":69,"column":55}},"locations":[{"start":{"line":69,"column":25},"end":{"line":69,"column":55}}]},"14":{"type":"branch","line":80,"loc":{"start":{"line":80,"column":26},"end":{"line":85,"column":16}},"locations":[{"start":{"line":80,"column":26},"end":{"line":85,"column":16}}]},"15":{"type":"branch","line":99,"loc":{"start":{"line":99,"column":20},"end":{"line":99,"column":48}},"locations":[{"start":{"line":99,"column":20},"end":{"line":99,"column":48}}]},"16":{"type":"branch","line":100,"loc":{"start":{"line":100,"column":17},"end":{"line":106,"column":16}},"locations":[{"start":{"line":100,"column":17},"end":{"line":106,"column":16}}]},"17":{"type":"branch","line":105,"loc":{"start":{"line":105,"column":25},"end":{"line":105,"column":51}},"locations":[{"start":{"line":105,"column":25},"end":{"line":105,"column":51}}]},"18":{"type":"branch","line":118,"loc":{"start":{"line":118,"column":27},"end":{"line":118,"column":53}},"locations":[{"start":{"line":118,"column":27},"end":{"line":118,"column":53}}]}},"b":{"0":[38],"1":[19],"2":[29],"3":[29],"4":[1],"5":[0],"6":[23],"7":[27],"8":[7],"9":[5],"10":[4],"11":[1],"12":[4],"13":[3],"14":[29],"15":[13],"16":[12],"17":[1],"18":[2]},"fnMap":{"0":{"name":"KeywordForm","decl":{"start":{"line":18,"column":7},"end":{"line":125,"column":1}},"loc":{"start":{"line":18,"column":7},"end":{"line":125,"column":1}},"line":18},"1":{"name":"addKeyword","decl":{"start":{"line":39,"column":21},"end":{"line":45,"column":4}},"loc":{"start":{"line":39,"column":21},"end":{"line":45,"column":4}},"line":39},"2":{"name":"removeKeyword","decl":{"start":{"line":47,"column":24},"end":{"line":49,"column":4}},"loc":{"start":{"line":47,"column":24},"end":{"line":49,"column":4}},"line":47},"3":{"name":"handleKeyDown","decl":{"start":{"line":51,"column":24},"end":{"line":56,"column":4}},"loc":{"start":{"line":51,"column":24},"end":{"line":56,"column":4}},"line":51},"4":{"name":"onChange","decl":{"start":{"line":66,"column":20},"end":{"line":66,"column":57}},"loc":{"start":{"line":66,"column":20},"end":{"line":66,"column":57}},"line":66},"5":{"name":"onClick","decl":{"start":{"line":69,"column":25},"end":{"line":69,"column":55}},"loc":{"start":{"line":69,"column":25},"end":{"line":69,"column":55}},"line":69},"6":{"name":"onRemove","decl":{"start":{"line":84,"column":26},"end":{"line":84,"column":55}},"loc":{"start":{"line":84,"column":26},"end":{"line":84,"column":55}},"line":84},"7":{"name":"onClick","decl":{"start":{"line":105,"column":25},"end":{"line":105,"column":51}},"loc":{"start":{"line":105,"column":25},"end":{"line":105,"column":51}},"line":105},"8":{"name":"onClick","decl":{"start":{"line":118,"column":27},"end":{"line":118,"column":53}},"loc":{"start":{"line":118,"column":27},"end":{"line":118,"column":53}},"line":118}},"f":{"0":38,"1":5,"2":0,"3":1,"4":4,"5":3,"6":0,"7":1,"8":2}}
,"/tmp/front-end/src/components/common/MultiChipFilter.tsx": {"path":"/tmp/front-end/src/components/common/MultiChipFilter.tsx","all":false,"statementMap":{"0":{"start":{"line":1,"column":0},"end":{"line":1,"column":33}},"8":{"start":{"line":9,"column":0},"end":{"line":9,"column":70}},"9":{"start":{"line":10,"column":0},"end":{"line":10,"column":35}},"10":{"start":{"line":11,"column":0},"end":{"line":11,"column":70}},"11":{"start":{"line":12,"column":0},"end":{"line":12,"column":35}},"12":{"start":{"line":13,"column":0},"end":{"line":13,"column":4}},"14":{"start":{"line":15,"column":0},"end":{"line":15,"column":10}},"15":{"start":{"line":16,"column":0},"end":{"line":16,"column":44}},"16":{"start":{"line":17,"column":0},"end":{"line":17,"column":29}},"17":{"start":{"line":18,"column":0},"end":{"line":18,"column":45}},"18":{"start":{"line":19,"column":0},"end":{"line":19,"column":16}},"19":{"start":{"line":20,"column":0},"end":{"line":20,"column":17}},"20":{"start":{"line":21,"column":0},"end":{"line":21,"column":21}},"21":{"start":{"line":22,"column":0},"end":{"line":22,"column":25}},"22":{"start":{"line":23,"column":0},"end":{"line":23,"column":39}},"23":{"start":{"line":24,"column":0},"end":{"line":24,"column":35}},"24":{"start":{"line":25,"column":0},"end":{"line":25,"column":26}},"25":{"start":{"line":26,"column":0},"end":{"line":26,"column":84}},"26":{"start":{"line":27,"column":0},"end":{"line":27,"column":22}},"27":{"start":{"line":28,"column":0},"end":{"line":28,"column":69}},"28":{"start":{"line":29,"column":0},"end":{"line":29,"column":82}},"29":{"start":{"line":30,"column":0},"end":{"line":30,"column":14}},"31":{"start":{"line":32,"column":0},"end":{"line":32,"column":17}},"32":{"start":{"line":33,"column":0},"end":{"line":33,"column":19}},"34":{"start":{"line":35,"column":0},"end":{"line":35,"column":9}},"35":{"start":{"line":36,"column":0},"end":{"line":36,"column":10}},"37":{"start":{"line":38,"column":0},"end":{"line":38,"column":1}}},"s":{"0":1,"8":1,"9":70,"10":2,"11":1,"12":2,"14":70,"15":70,"16":70,"17":1292,"18":1292,"19":1292,"20":1292,"21":1292,"22":1292,"23":1292,"24":1292,"25":1292,"26":1292,"27":8,"28":1284,"29":1292,"31":1292,"32":1292,"34":70,"35":70,"37":70},"branchMap":{"0":{"type":"branch","line":9,"loc":{"start":{"line":9,"column":7},"end":{"line":38,"column":1}},"locations":[{"start":{"line":9,"column":7},"end":{"line":38,"column":1}}]},"1":{"type":"branch","line":10,"loc":{"start":{"line":10,"column":17},"end":{"line":13,"column":4}},"locations":[{"start":{"line":10,"column":17},"end":{"line":13,"column":4}}]},"2":{"type":"branch","line":11,"loc":{"start":{"line":11,"column":29},"end":{"line":12,"column":35}},"locations":[{"start":{"line":11,"column":29},"end":{"line":12,"column":35}}]},"3":{"type":"branch","line":11,"loc":{"start":{"line":11,"column":51},"end":{"line":11,"column":67}},"locations":[{"start":{"line":11,"column":51},"end":{"line":11,"column":67}}]},"4":{"type":"branch","line":17,"loc":{"start":{"line":17,"column":19},"end":{"line":35,"column":7}},"locations":[{"start":{"line":17,"column":19},"end":{"line":35,"column":7}}]},"5":{"type":"branch","line":27,"loc":{"start":{"line":27,"column":14},"end":{"line":28,"column":69}},"locations":[{"start":{"line":27,"column":14},"end":{"line":28,"column":69}}]},"6":{"type":"branch","line":28,"loc":{"start":{"line":28,"column":18},"end":{"line":29,"column":82}},"locations":[{"start":{"line":28,"column":18},"end":{"line":29,"column":82}}]},"7":{"type":"branch","line":23,"loc":{"start":{"line":23,"column":21},"end":{"line":23,"column":39}},"locations":[{"start":{"line":23,"column":21},"end":{"line":23,"column":39}}]}},"b":{"0":[70],"1":[2],"2":[1],"3":[2],"4":[1292],"5":[8],"6":[1284],"7":[2]},"fnMap":{"0":{"name":"MultiChipFilter","decl":{"start":{"line":9,"column":7},"end":{"line":38,"column":1}},"loc":{"start":{"line":9,"column":7},"end":{"line":38,"column":1}},"line":9},"1":{"name":"toggle","decl":{"start":{"line":10,"column":17},"end":{"line":13,"column":4}},"loc":{"start":{"line":10,"column":17},"end":{"line":13,"column":4}},"line":10},"2":{"name":"onClick","decl":{"start":{"line":23,"column":21},"end":{"line":23,"column":39}},"loc":{"start":{"line":23,"column":21},"end":{"line":23,"column":39}},"line":23}},"f":{"0":70,"1":2,"2":2}}
,"/tmp/front-end/src/components/common/Pagination.tsx": {"path":"/tmp/front-end/src/components/common/Pagination.tsx","all":false,"statementMap":{"0":{"start":{"line":1,"column":0},"end":{"line":1,"column":48}},"1":{"start":{"line":2,"column":0},"end":{"line":2,"column":57}},"9":{"start":{"line":10,"column":0},"end":{"line":10,"column":85}},"10":{"start":{"line":11,"column":0},"end":{"line":11,"column":24}},"11":{"start":{"line":12,"column":0},"end":{"line":12,"column":63}},"12":{"start":{"line":13,"column":0},"end":{"line":13,"column":3}},"14":{"start":{"line":15,"column":0},"end":{"line":15,"column":76}},"15":{"start":{"line":16,"column":0},"end":{"line":16,"column":28}},"16":{"start":{"line":17,"column":0},"end":{"line":17,"column":45}},"17":{"start":{"line":18,"column":0},"end":{"line":18,"column":27}},"19":{"start":{"line":20,"column":0},"end":{"line":20,"column":45}},"20":{"start":{"line":21,"column":0},"end":{"line":21,"column":43}},"21":{"start":{"line":22,"column":0},"end":{"line":22,"column":49}},"22":{"start":{"line":23,"column":0},"end":{"line":23,"column":30}},"23":{"start":{"line":24,"column":0},"end":{"line":24,"column":5}},"24":{"start":{"line":25,"column":0},"end":{"line":25,"column":27}},"25":{"start":{"line":26,"column":0},"end":{"line":26,"column":3}},"26":{"start":{"line":27,"column":0},"end":{"line":27,"column":16}},"27":{"start":{"line":28,"column":0},"end":{"line":28,"column":1}},"29":{"start":{"line":30,"column":0},"end":{"line":30,"column":77}},"30":{"start":{"line":31,"column":0},"end":{"line":31,"column":35}},"32":{"start":{"line":33,"column":0},"end":{"line":33,"column":50}},"33":{"start":{"line":34,"column":0},"end":{"line":34,"column":27}},"34":{"start":{"line":35,"column":0},"end":{"line":35,"column":36}},"36":{"start":{"line":37,"column":0},"end":{"line":37,"column":10}},"37":{"start":{"line":38,"column":0},"end":{"line":38,"column":88}},"38":{"start":{"line":39,"column":0},"end":{"line":39,"column":13}},"39":{"start":{"line":40,"column":0},"end":{"line":40,"column":23}},"40":{"start":{"line":41,"column":0},"end":{"line":41,"column":17}},"41":{"start":{"line":42,"column":0},"end":{"line":42,"column":42}},"42":{"start":{"line":43,"column":0},"end":{"line":43,"column":27}},"43":{"start":{"line":44,"column":0},"end":{"line":44,"column":27}},"45":{"start":{"line":46,"column":0},"end":{"line":46,"column":43}},"46":{"start":{"line":47,"column":0},"end":{"line":47,"column":15}},"48":{"start":{"line":49,"column":0},"end":{"line":49,"column":28}},"49":{"start":{"line":50,"column":0},"end":{"line":50,"column":28}},"50":{"start":{"line":51,"column":0},"end":{"line":51,"column":72}},"52":{"start":{"line":53,"column":0},"end":{"line":53,"column":17}},"54":{"start":{"line":55,"column":0},"end":{"line":55,"column":17}},"55":{"start":{"line":56,"column":0},"end":{"line":56,"column":19}},"56":{"start":{"line":57,"column":0},"end":{"line":57,"column":54}},"57":{"start":{"line":58,"column":0},"end":{"line":58,"column":21}},"58":{"start":{"line":59,"column":0},"end":{"line":59,"column":31}},"59":{"start":{"line":60,"column":0},"end":{"line":60,"column":39}},"60":{"start":{"line":61,"column":0},"end":{"line":61,"column":58}},"62":{"start":{"line":63,"column":0},"end":{"line":63,"column":15}},"63":{"start":{"line":64,"column":0},"end":{"line":64,"column":19}},"65":{"start":{"line":66,"column":0},"end":{"line":66,"column":8}},"67":{"start":{"line":68,"column":0},"end":{"line":68,"column":13}},"68":{"start":{"line":69,"column":0},"end":{"line":69,"column":23}},"69":{"start":{"line":70,"column":0},"end":{"line":70,"column":17}},"70":{"start":{"line":71,"column":0},"end":{"line":71,"column":42}},"71":{"start":{"line":72,"column":0},"end":{"line":72,"column":27}},"72":{"start":{"line":73,"column":0},"end":{"line":73,"column":27}},"74":{"start":{"line":75,"column":0},"end":{"line":75,"column":44}},"75":{"start":{"line":76,"column":0},"end":{"line":76,"column":15}},"76":{"start":{"line":77,"column":0},"end":{"line":77,"column":10}},"78":{"start":{"line":79,"column":0},"end":{"line":79,"column":1}}},"s":{"0":1,"1":1,"9":9,"10":9,"11":5,"12":5,"14":4,"15":4,"16":4,"17":4,"19":4,"20":9,"21":20,"22":6,"23":6,"24":20,"25":20,"26":4,"27":4,"29":1,"30":16,"32":9,"33":9,"34":9,"36":9,"37":9,"38":9,"39":9,"40":9,"41":9,"42":9,"43":9,"45":9,"46":9,"48":9,"49":51,"50":6,"52":6,"54":45,"55":45,"56":45,"57":45,"58":45,"59":45,"60":45,"62":45,"63":45,"65":9,"67":9,"68":9,"69":9,"70":9,"71":9,"72":9,"74":9,"75":9,"76":9,"78":9},"branchMap":{"0":{"type":"branch","line":10,"loc":{"start":{"line":10,"column":0},"end":{"line":28,"column":1}},"locations":[{"start":{"line":10,"column":0},"end":{"line":28,"column":1}}]},"1":{"type":"branch","line":11,"loc":{"start":{"line":11,"column":23},"end":{"line":13,"column":3}},"locations":[{"start":{"line":11,"column":23},"end":{"line":13,"column":3}}]},"2":{"type":"branch","line":13,"loc":{"start":{"line":13,"column":2},"end":{"line":21,"column":42}},"locations":[{"start":{"line":13,"column":2},"end":{"line":21,"column":42}}]},"3":{"type":"branch","line":21,"loc":{"start":{"line":21,"column":42},"end":{"line":26,"column":3}},"locations":[{"start":{"line":21,"column":42},"end":{"line":26,"column":3}}]},"4":{"type":"branch","line":22,"loc":{"start":{"line":22,"column":12},"end":{"line":22,"column":48}},"locations":[{"start":{"line":22,"column":12},"end":{"line":22,"column":48}}]},"5":{"type":"branch","line":22,"loc":{"start":{"line":22,"column":48},"end":{"line":24,"column":5}},"locations":[{"start":{"line":22,"column":48},"end":{"line":24,"column":5}}]},"6":{"type":"branch","line":26,"loc":{"start":{"line":26,"column":2},"end":{"line":28,"column":1}},"locations":[{"start":{"line":26,"column":2},"end":{"line":28,"column":1}}]},"7":{"type":"branch","line":12,"loc":{"start":{"line":12,"column":46},"end":{"line":12,"column":61}},"locations":[{"start":{"line":12,"column":46},"end":{"line":12,"column":61}}]},"8":{"type":"branch","line":17,"loc":{"start":{"line":17,"column":12},"end":{"line":17,"column":44}},"locations":[{"start":{"line":17,"column":12},"end":{"line":17,"column":44}}]},"9":{"type":"branch","line":18,"loc":{"start":{"line":18,"column":10},"end":{"line":18,"column":25}},"locations":[{"start":{"line":18,"column":10},"end":{"line":18,"column":25}}]},"10":{"type":"branch","line":30,"loc":{"start":{"line":30,"column":7},"end":{"line":79,"column":1}},"locations":[{"start":{"line":30,"column":7},"end":{"line":79,"column":1}}]},"11":{"type":"branch","line":31,"loc":{"start":{"line":31,"column":23},"end":{"line":31,"column":35}},"locations":[{"start":{"line":31,"column":23},"end":{"line":31,"column":35}}]},"12":{"type":"branch","line":31,"loc":{"start":{"line":31,"column":30},"end":{"line":79,"column":1}},"locations":[{"start":{"line":31,"column":30},"end":{"line":79,"column":1}}]},"13":{"type":"branch","line":42,"loc":{"start":{"line":42,"column":17},"end":{"line":42,"column":42}},"locations":[{"start":{"line":42,"column":17},"end":{"line":42,"column":42}}]},"14":{"type":"branch","line":49,"loc":{"start":{"line":49,"column":17},"end":{"line":64,"column":19}},"locations":[{"start":{"line":49,"column":17},"end":{"line":64,"column":19}}]},"15":{"type":"branch","line":50,"loc":{"start":{"line":50,"column":14},"end":{"line":53,"column":17}},"locations":[{"start":{"line":50,"column":14},"end":{"line":53,"column":17}}]},"16":{"type":"branch","line":53,"loc":{"start":{"line":53,"column":10},"end":{"line":64,"column":19}},"locations":[{"start":{"line":53,"column":10},"end":{"line":64,"column":19}}]},"17":{"type":"branch","line":57,"loc":{"start":{"line":57,"column":27},"end":{"line":57,"column":46}},"locations":[{"start":{"line":57,"column":27},"end":{"line":57,"column":46}}]},"18":{"type":"branch","line":57,"loc":{"start":{"line":57,"column":34},"end":{"line":57,"column":54}},"locations":[{"start":{"line":57,"column":34},"end":{"line":57,"column":54}}]},"19":{"type":"branch","line":61,"loc":{"start":{"line":61,"column":32},"end":{"line":61,"column":48}},"locations":[{"start":{"line":61,"column":32},"end":{"line":61,"column":48}}]},"20":{"type":"branch","line":61,"loc":{"start":{"line":61,"column":39},"end":{"line":61,"column":58}},"locations":[{"start":{"line":61,"column":39},"end":{"line":61,"column":58}}]},"21":{"type":"branch","line":60,"loc":{"start":{"line":60,"column":21},"end":{"line":60,"column":39}},"locations":[{"start":{"line":60,"column":21},"end":{"line":60,"column":39}}]},"22":{"type":"branch","line":71,"loc":{"start":{"line":71,"column":17},"end":{"line":71,"column":42}},"locations":[{"start":{"line":71,"column":17},"end":{"line":71,"column":42}}]}},"b":{"0":[9],"1":[5],"2":[4],"3":[20],"4":[16],"5":[6],"6":[4],"7":[25],"8":[20],"9":[32],"10":[16],"11":[7],"12":[9],"13":[1],"14":[51],"15":[6],"16":[45],"17":[9],"18":[36],"19":[9],"20":[36],"21":[1],"22":[1]},"fnMap":{"0":{"name":"buildPageWindow","decl":{"start":{"line":10,"column":0},"end":{"line":28,"column":1}},"loc":{"start":{"line":10,"column":0},"end":{"line":28,"column":1}},"line":10},"1":{"name":"Pagination","decl":{"start":{"line":30,"column":7},"end":{"line":79,"column":1}},"loc":{"start":{"line":30,"column":7},"end":{"line":79,"column":1}},"line":30},"2":{"name":"onClick","decl":{"start":{"line":42,"column":17},"end":{"line":42,"column":42}},"loc":{"start":{"line":42,"column":17},"end":{"line":42,"column":42}},"line":42},"3":{"name":"onClick","decl":{"start":{"line":60,"column":21},"end":{"line":60,"column":39}},"loc":{"start":{"line":60,"column":21},"end":{"line":60,"column":39}},"line":60},"4":{"name":"onClick","decl":{"start":{"line":71,"column":17},"end":{"line":71,"column":42}},"loc":{"start":{"line":71,"column":17},"end":{"line":71,"column":42}},"line":71}},"f":{"0":9,"1":16,"2":1,"3":1,"4":1}}
,"/tmp/front-end/src/components/layout/AuthGuard.tsx": {"path":"/tmp/front-end/src/components/layout/AuthGuard.tsx","all":false,"statementMap":{"0":{"start":{"line":1,"column":0},"end":{"line":1,"column":44}},"1":{"start":{"line":2,"column":0},"end":{"line":2,"column":42}},"3":{"start":{"line":4,"column":0},"end":{"line":4,"column":72}},"4":{"start":{"line":5,"column":0},"end":{"line":5,"column":40}},"6":{"start":{"line":7,"column":0},"end":{"line":7,"column":25}},"7":{"start":{"line":8,"column":0},"end":{"line":8,"column":43}},"8":{"start":{"line":9,"column":0},"end":{"line":9,"column":3}},"10":{"start":{"line":11,"column":0},"end":{"line":11,"column":25}},"11":{"start":{"line":12,"column":0},"end":{"line":12,"column":1}}},"s":{"0":1,"1":1,"3":1,"4":3,"6":3,"7":2,"8":2,"10":1,"11":1},"branchMap":{"0":{"type":"branch","line":4,"loc":{"start":{"line":4,"column":7},"end":{"line":12,"column":1}},"locations":[{"start":{"line":4,"column":7},"end":{"line":12,"column":1}}]},"1":{"type":"branch","line":7,"loc":{"start":{"line":7,"column":24},"end":{"line":9,"column":3}},"locations":[{"start":{"line":7,"column":24},"end":{"line":9,"column":3}}]},"2":{"type":"branch","line":9,"loc":{"start":{"line":9,"column":2},"end":{"line":12,"column":1}},"locations":[{"start":{"line":9,"column":2},"end":{"line":12,"column":1}}]}},"b":{"0":[3],"1":[2],"2":[1]},"fnMap":{"0":{"name":"AuthGuard","decl":{"start":{"line":4,"column":7},"end":{"line":12,"column":1}},"loc":{"start":{"line":4,"column":7},"end":{"line":12,"column":1}},"line":4}},"f":{"0":3}}
,"/tmp/front-end/src/components/layout/Header.tsx": {"path":"/tmp/front-end/src/components/layout/Header.tsx","all":false,"statementMap":{"0":{"start":{"line":1,"column":0},"end":{"line":1,"column":53}},"1":{"start":{"line":2,"column":0},"end":{"line":2,"column":48}},"2":{"start":{"line":3,"column":0},"end":{"line":3,"column":42}},"3":{"start":{"line":4,"column":0},"end":{"line":4,"column":68}},"5":{"start":{"line":6,"column":0},"end":{"line":6,"column":26}},"6":{"start":{"line":7,"column":0},"end":{"line":7,"column":37}},"7":{"start":{"line":8,"column":0},"end":{"line":8,"column":33}},"9":{"start":{"line":10,"column":0},"end":{"line":10,"column":30}},"10":{"start":{"line":11,"column":0},"end":{"line":11,"column":13}},"11":{"start":{"line":12,"column":0},"end":{"line":12,"column":41}},"12":{"start":{"line":13,"column":0},"end":{"line":13,"column":4}},"14":{"start":{"line":15,"column":0},"end":{"line":15,"column":10}},"15":{"start":{"line":16,"column":0},"end":{"line":16,"column":33}},"16":{"start":{"line":17,"column":0},"end":{"line":17,"column":85}},"17":{"start":{"line":18,"column":0},"end":{"line":18,"column":56}},"19":{"start":{"line":20,"column":0},"end":{"line":20,"column":15}},"21":{"start":{"line":22,"column":0},"end":{"line":22,"column":18}},"22":{"start":{"line":23,"column":0},"end":{"line":23,"column":51}},"23":{"start":{"line":24,"column":0},"end":{"line":24,"column":76}},"24":{"start":{"line":25,"column":0},"end":{"line":25,"column":47}},"26":{"start":{"line":27,"column":0},"end":{"line":27,"column":21}},"27":{"start":{"line":28,"column":0},"end":{"line":28,"column":77}},"28":{"start":{"line":29,"column":0},"end":{"line":29,"column":49}},"30":{"start":{"line":31,"column":0},"end":{"line":31,"column":21}},"31":{"start":{"line":32,"column":0},"end":{"line":32,"column":84}},"32":{"start":{"line":33,"column":0},"end":{"line":33,"column":51}},"34":{"start":{"line":35,"column":0},"end":{"line":35,"column":21}},"35":{"start":{"line":36,"column":0},"end":{"line":36,"column":84}},"36":{"start":{"line":37,"column":0},"end":{"line":37,"column":47}},"38":{"start":{"line":39,"column":0},"end":{"line":39,"column":21}},"39":{"start":{"line":40,"column":0},"end":{"line":40,"column":69}},"40":{"start":{"line":41,"column":0},"end":{"line":41,"column":49}},"42":{"start":{"line":43,"column":0},"end":{"line":43,"column":21}},"43":{"start":{"line":44,"column":0},"end":{"line":44,"column":16}},"45":{"start":{"line":46,"column":0},"end":{"line":46,"column":12}},"46":{"start":{"line":47,"column":0},"end":{"line":47,"column":13}},"48":{"start":{"line":49,"column":0},"end":{"line":49,"column":1}}},"s":{"0":1,"1":1,"2":1,"3":1,"5":1,"6":7,"7":7,"9":7,"10":1,"11":1,"12":1,"14":7,"15":7,"16":7,"17":7,"19":7,"21":7,"22":3,"23":3,"24":3,"26":3,"27":3,"28":3,"30":3,"31":3,"32":3,"34":3,"35":3,"36":3,"38":3,"39":3,"40":3,"42":3,"43":3,"45":7,"46":7,"48":7},"branchMap":{"0":{"type":"branch","line":6,"loc":{"start":{"line":6,"column":7},"end":{"line":49,"column":1}},"locations":[{"start":{"line":6,"column":7},"end":{"line":49,"column":1}}]},"1":{"type":"branch","line":22,"loc":{"start":{"line":22,"column":9},"end":{"line":44,"column":16}},"locations":[{"start":{"line":22,"column":9},"end":{"line":44,"column":16}}]},"2":{"type":"branch","line":10,"loc":{"start":{"line":10,"column":23},"end":{"line":13,"column":4}},"locations":[{"start":{"line":10,"column":23},"end":{"line":13,"column":4}}]}},"b":{"0":[7],"1":[3],"2":[1]},"fnMap":{"0":{"name":"Header","decl":{"start":{"line":6,"column":7},"end":{"line":49,"column":1}},"loc":{"start":{"line":6,"column":7},"end":{"line":49,"column":1}},"line":6},"1":{"name":"handleLogout","decl":{"start":{"line":10,"column":23},"end":{"line":13,"column":4}},"loc":{"start":{"line":10,"column":23},"end":{"line":13,"column":4}},"line":10}},"f":{"0":7,"1":1}}
,"/tmp/front-end/src/components/layout/RootLayout.tsx": {"path":"/tmp/front-end/src/components/layout/RootLayout.tsx","all":false,"statementMap":{"0":{"start":{"line":1,"column":0},"end":{"line":1,"column":42}},"1":{"start":{"line":2,"column":0},"end":{"line":2,"column":34}},"3":{"start":{"line":4,"column":0},"end":{"line":4,"column":30}},"4":{"start":{"line":5,"column":0},"end":{"line":5,"column":10}},"5":{"start":{"line":6,"column":0},"end":{"line":6,"column":34}},"6":{"start":{"line":7,"column":0},"end":{"line":7,"column":16}},"7":{"start":{"line":8,"column":0},"end":{"line":8,"column":52}},"8":{"start":{"line":9,"column":0},"end":{"line":9,"column":18}},"9":{"start":{"line":10,"column":0},"end":{"line":10,"column":13}},"10":{"start":{"line":11,"column":0},"end":{"line":11,"column":10}},"12":{"start":{"line":13,"column":0},"end":{"line":13,"column":1}}},"s":{"0":1,"1":1,"3":1,"4":2,"5":2,"6":2,"7":2,"8":2,"9":2,"10":2,"12":2},"branchMap":{"0":{"type":"branch","line":4,"loc":{"start":{"line":4,"column":7},"end":{"line":13,"column":1}},"locations":[{"start":{"line":4,"column":7},"end":{"line":13,"column":1}}]}},"b":{"0":[2]},"fnMap":{"0":{"name":"RootLayout","decl":{"start":{"line":4,"column":7},"end":{"line":13,"column":1}},"loc":{"start":{"line":4,"column":7},"end":{"line":13,"column":1}},"line":4}},"f":{"0":2}}
[...]
,"/tmp/front-end/src/pages/search/SearchPage.tsx": {"path":"/tmp/front-end/src/pages/search/SearchPage.tsx","all":false,"statementMap":{"0":{"start":{"line":1,"column":0},"end":{"line":1,"column":42}},"1":{"start":{"line":2,"column":0},"end":{"line":2,"column":46}},"2":{"start":{"line":3,"column":0},"end":{"line":3,"column":48}},"3":{"start":{"line":4,"column":0},"end":{"line":4,"column":64}},"4":{"start":{"line":5,"column":0},"end":{"line":5,"column":58}},"5":{"start":{"line":6,"column":0},"end":{"line":6,"column":60}},"6":{"start":{"line":7,"column":0},"end":{"line":7,"column":78}},"7":{"start":{"line":8,"column":0},"end":{"line":8,"column":70}},"8":{"start":{"line":9,"column":0},"end":{"line":9,"column":54}},"9":{"start":{"line":10,"column":0},"end":{"line":10,"column":50}},"10":{"start":{"line":11,"column":0},"end":{"line":11,"column":68}},"11":{"start":{"line":12,"column":0},"end":{"line":12,"column":74}},"12":{"start":{"line":13,"column":0},"end":{"line":13,"column":60}},"13":{"start":{"line":14,"column":0},"end":{"line":14,"column":8}},"18":{"start":{"line":19,"column":0},"end":{"line":19,"column":55}},"19":{"start":{"line":20,"column":0},"end":{"line":20,"column":67}},"20":{"start":{"line":21,"column":0},"end":{"line":21,"column":38}},"23":{"start":{"line":24,"column":0},"end":{"line":24,"column":21}},"25":{"start":{"line":26,"column":0},"end":{"line":26,"column":30}},"26":{"start":{"line":27,"column":0},"end":{"line":27,"column":51}},"27":{"start":{"line":28,"column":0},"end":{"line":28,"column":43}},"28":{"start":{"line":29,"column":0},"end":{"line":29,"column":53}},"29":{"start":{"line":30,"column":0},"end":{"line":30,"column":59}},"30":{"start":{"line":31,"column":0},"end":{"line":31,"column":62}},"32":{"start":{"line":33,"column":0},"end":{"line":33,"column":37}},"33":{"start":{"line":34,"column":0},"end":{"line":34,"column":65}},"34":{"start":{"line":35,"column":0},"end":{"line":35,"column":61}},"36":{"start":{"line":37,"column":0},"end":{"line":37,"column":61}},"37":{"start":{"line":38,"column":0},"end":{"line":38,"column":78}},"38":{"start":{"line":39,"column":0},"end":{"line":39,"column":37}},"39":{"start":{"line":40,"column":0},"end":{"line":40,"column":44}},"40":{"start":{"line":41,"column":0},"end":{"line":41,"column":74}},"42":{"start":{"line":43,"column":0},"end":{"line":43,"column":36}},"43":{"start":{"line":44,"column":0},"end":{"line":44,"column":81}},"44":{"start":{"line":45,"column":0},"end":{"line":45,"column":76}},"46":{"start":{"line":47,"column":0},"end":{"line":47,"column":60}},"47":{"start":{"line":48,"column":0},"end":{"line":48,"column":76}},"49":{"start":{"line":50,"column":0},"end":{"line":50,"column":56}},"50":{"start":{"line":51,"column":0},"end":{"line":51,"column":16}},"51":{"start":{"line":52,"column":0},"end":{"line":52,"column":16}},"52":{"start":{"line":53,"column":0},"end":{"line":53,"column":16}},"53":{"start":{"line":54,"column":0},"end":{"line":54,"column":24}},"54":{"start":{"line":55,"column":0},"end":{"line":55,"column":27}},"55":{"start":{"line":56,"column":0},"end":{"line":56,"column":31}},"56":{"start":{"line":57,"column":0},"end":{"line":57,"column":4}},"58":{"start":{"line":59,"column":0},"end":{"line":59,"column":32}},"59":{"start":{"line":60,"column":0},"end":{"line":60,"column":55}},"60":{"start":{"line":61,"column":0},"end":{"line":61,"column":25}},"61":{"start":{"line":62,"column":0},"end":{"line":62,"column":4}},"63":{"start":{"line":64,"column":0},"end":{"line":64,"column":81}},"64":{"start":{"line":65,"column":0},"end":{"line":65,"column":48}},"65":{"start":{"line":66,"column":0},"end":{"line":66,"column":12}},"66":{"start":{"line":67,"column":0},"end":{"line":67,"column":70}},"67":{"start":{"line":68,"column":0},"end":{"line":68,"column":4}},"69":{"start":{"line":70,"column":0},"end":{"line":70,"column":37}},"70":{"start":{"line":71,"column":0},"end":{"line":71,"column":78}},"71":{"start":{"line":72,"column":0},"end":{"line":72,"column":69}},"72":{"start":{"line":73,"column":0},"end":{"line":73,"column":108}},"73":{"start":{"line":74,"column":0},"end":{"line":74,"column":63}},"74":{"start":{"line":75,"column":0},"end":{"line":75,"column":5}},"75":{"start":{"line":76,"column":0},"end":{"line":76,"column":25}},"76":{"start":{"line":77,"column":0},"end":{"line":77,"column":65}},"78":{"start":{"line":79,"column":0},"end":{"line":79,"column":38}},"79":{"start":{"line":80,"column":0},"end":{"line":80,"column":101}},"80":{"start":{"line":81,"column":0},"end":{"line":81,"column":64}},"81":{"start":{"line":82,"column":0},"end":{"line":82,"column":36}},"82":{"start":{"line":83,"column":0},"end":{"line":83,"column":32}},"83":{"start":{"line":84,"column":0},"end":{"line":84,"column":15}},"84":{"start":{"line":85,"column":0},"end":{"line":85,"column":3}},"86":{"start":{"line":87,"column":0},"end":{"line":87,"column":76}},"87":{"start":{"line":88,"column":0},"end":{"line":88,"column":29}},"88":{"start":{"line":89,"column":0},"end":{"line":89,"column":70}},"89":{"start":{"line":90,"column":0},"end":{"line":90,"column":24}},"90":{"start":{"line":91,"column":0},"end":{"line":91,"column":4}},"92":{"start":{"line":93,"column":0},"end":{"line":93,"column":58}},"94":{"start":{"line":95,"column":0},"end":{"line":95,"column":10}},"95":{"start":{"line":96,"column":0},"end":{"line":96,"column":31}},"96":{"start":{"line":97,"column":0},"end":{"line":97,"column":56}},"97":{"start":{"line":98,"column":0},"end":{"line":98,"column":50}},"98":{"start":{"line":99,"column":0},"end":{"line":99,"column":79}},"99":{"start":{"line":100,"column":0},"end":{"line":100,"column":12}},"101":{"start":{"line":102,"column":0},"end":{"line":102,"column":34}},"102":{"start":{"line":103,"column":0},"end":{"line":103,"column":14}},"103":{"start":{"line":104,"column":0},"end":{"line":104,"column":31}},"104":{"start":{"line":105,"column":0},"end":{"line":105,"column":28}},"105":{"start":{"line":106,"column":0},"end":{"line":106,"column":57}},"106":{"start":{"line":107,"column":0},"end":{"line":107,"column":64}},"107":{"start":{"line":108,"column":0},"end":{"line":108,"column":10}},"108":{"start":{"line":109,"column":0},"end":{"line":109,"column":39}},"109":{"start":{"line":110,"column":0},"end":{"line":110,"column":40}},"110":{"start":{"line":111,"column":0},"end":{"line":111,"column":17}},"111":{"start":{"line":112,"column":0},"end":{"line":112,"column":12}},"113":{"start":{"line":114,"column":0},"end":{"line":114,"column":26}},"114":{"start":{"line":115,"column":0},"end":{"line":115,"column":35}},"115":{"start":{"line":116,"column":0},"end":{"line":116,"column":39}},"116":{"start":{"line":117,"column":0},"end":{"line":117,"column":63}},"117":{"start":{"line":118,"column":0},"end":{"line":118,"column":61}},"118":{"start":{"line":119,"column":0},"end":{"line":119,"column":37}},"119":{"start":{"line":120,"column":0},"end":{"line":120,"column":23}},"120":{"start":{"line":121,"column":0},"end":{"line":121,"column":31}},"121":{"start":{"line":122,"column":0},"end":{"line":122,"column":81}},"122":{"start":{"line":123,"column":0},"end":{"line":123,"column":47}},"123":{"start":{"line":124,"column":0},"end":{"line":124,"column":17}},"125":{"start":{"line":126,"column":0},"end":{"line":126,"column":25}},"127":{"start":{"line":128,"column":0},"end":{"line":128,"column":18}},"128":{"start":{"line":129,"column":0},"end":{"line":129,"column":90}},"129":{"start":{"line":130,"column":0},"end":{"line":130,"column":16}},"130":{"start":{"line":131,"column":0},"end":{"line":131,"column":39}},"131":{"start":{"line":132,"column":0},"end":{"line":132,"column":63}},"132":{"start":{"line":133,"column":0},"end":{"line":133,"column":63}},"133":{"start":{"line":134,"column":0},"end":{"line":134,"column":40}},"134":{"start":{"line":135,"column":0},"end":{"line":135,"column":23}},"135":{"start":{"line":136,"column":0},"end":{"line":136,"column":31}},"136":{"start":{"line":137,"column":0},"end":{"line":137,"column":81}},"137":{"start":{"line":138,"column":0},"end":{"line":138,"column":50}},"138":{"start":{"line":139,"column":0},"end":{"line":139,"column":17}},"140":{"start":{"line":141,"column":0},"end":{"line":141,"column":25}},"142":{"start":{"line":143,"column":0},"end":{"line":143,"column":18}},"143":{"start":{"line":144,"column":0},"end":{"line":144,"column":101}},"144":{"start":{"line":145,"column":0},"end":{"line":145,"column":16}},"145":{"start":{"line":146,"column":0},"end":{"line":146,"column":14}},"148":{"start":{"line":149,"column":0},"end":{"line":149,"column":74}},"150":{"start":{"line":151,"column":0},"end":{"line":151,"column":21}},"151":{"start":{"line":152,"column":0},"end":{"line":152,"column":64}},"153":{"start":{"line":154,"column":0},"end":{"line":154,"column":14}},"154":{"start":{"line":155,"column":0},"end":{"line":155,"column":23}},"155":{"start":{"line":156,"column":0},"end":{"line":156,"column":77}},"156":{"start":{"line":157,"column":0},"end":{"line":157,"column":38}},"157":{"start":{"line":158,"column":0},"end":{"line":158,"column":82}},"159":{"start":{"line":160,"column":0},"end":{"line":160,"column":10}},"160":{"start":{"line":161,"column":0},"end":{"line":161,"column":37}},"161":{"start":{"line":162,"column":0},"end":{"line":162,"column":39}},"162":{"start":{"line":163,"column":0},"end":{"line":163,"column":53}},"163":{"start":{"line":164,"column":0},"end":{"line":164,"column":15}},"164":{"start":{"line":165,"column":0},"end":{"line":165,"column":16}},"165":{"start":{"line":166,"column":0},"end":{"line":166,"column":79}},"166":{"start":{"line":167,"column":0},"end":{"line":167,"column":11}},"168":{"start":{"line":169,"column":0},"end":{"line":169,"column":10}},"170":{"start":{"line":171,"column":0},"end":{"line":171,"column":1}}},"s":{"0":1,"1":1,"2":1,"3":1,"4":1,"5":1,"6":1,"7":1,"8":1,"9":1,"10":1,"11":1,"12":1,"13":1,"18":1,"19":1,"20":1,"23":1,"25":1,"26":17,"27":17,"28":17,"29":17,"30":17,"32":17,"33":17,"34":17,"36":17,"37":17,"38":17,"39":17,"40":17,"42":17,"43":0,"44":17,"46":17,"47":17,"49":17,"50":17,"51":17,"52":17,"53":17,"54":17,"55":17,"56":17,"58":17,"59":17,"60":17,"61":17,"63":17,"64":17,"65":17,"66":17,"67":17,"69":17,"70":8,"71":8,"72":8,"73":0,"74":0,"75":0,"76":17,"78":17,"79":17,"80":17,"81":17,"82":3,"83":3,"84":3,"86":17,"87":17,"88":17,"89":17,"90":17,"92":17,"94":17,"95":17,"96":17,"97":17,"98":17,"99":17,"101":17,"102":17,"103":17,"104":17,"105":17,"106":17,"107":17,"108":17,"109":17,"110":17,"111":17,"113":17,"114":17,"115":17,"116":17,"117":17,"118":17,"119":0,"120":0,"121":0,"122":0,"123":0,"125":0,"127":17,"128":17,"129":17,"130":17,"131":17,"132":17,"133":17,"134":0,"135":0,"136":0,"137":0,"138":0,"140":0,"142":17,"143":17,"144":17,"145":17,"148":17,"150":17,"151":11,"153":11,"154":6,"155":2,"156":4,"157":2,"159":2,"160":2,"161":2,"162":2,"163":2,"164":2,"165":2,"166":2,"168":17,"170":17},"branchMap":{"0":{"type":"branch","line":26,"loc":{"start":{"line":26,"column":7},"end":{"line":171,"column":1}},"locations":[{"start":{"line":26,"column":7},"end":{"line":171,"column":1}}]},"1":{"type":"branch","line":38,"loc":{"start":{"line":38,"column":44},"end":{"line":38,"column":78}},"locations":[{"start":{"line":38,"column":44},"end":{"line":38,"column":78}}]},"2":{"type":"branch","line":41,"loc":{"start":{"line":41,"column":22},"end":{"line":41,"column":53}},"locations":[{"start":{"line":41,"column":22},"end":{"line":41,"column":53}}]},"3":{"type":"branch","line":41,"loc":{"start":{"line":41,"column":48},"end":{"line":41,"column":74}},"locations":[{"start":{"line":41,"column":48},"end":{"line":41,"column":74}}]},"4":{"type":"branch","line":43,"loc":{"start":{"line":43,"column":22},"end":{"line":44,"column":81}},"locations":[{"start":{"line":43,"column":22},"end":{"line":44,"column":81}}]},"5":{"type":"branch","line":45,"loc":{"start":{"line":45,"column":34},"end":{"line":45,"column":76}},"locations":[{"start":{"line":45,"column":34},"end":{"line":45,"column":76}}]},"6":{"type":"branch","line":47,"loc":{"start":{"line":47,"column":22},"end":{"line":47,"column":50}},"locations":[{"start":{"line":47,"column":22},"end":{"line":47,"column":50}}]},"7":{"type":"branch","line":48,"loc":{"start":{"line":48,"column":22},"end":{"line":48,"column":76}},"locations":[{"start":{"line":48,"column":22},"end":{"line":48,"column":76}}]},"8":{"type":"branch","line":48,"loc":{"start":{"line":48,"column":37},"end":{"line":48,"column":76}},"locations":[{"start":{"line":48,"column":37},"end":{"line":48,"column":76}}]},"9":{"type":"branch","line":54,"loc":{"start":{"line":54,"column":4},"end":{"line":54,"column":24}},"locations":[{"start":{"line":54,"column":4},"end":{"line":54,"column":24}}]},"10":{"type":"branch","line":67,"loc":{"start":{"line":67,"column":4},"end":{"line":67,"column":45}},"locations":[{"start":{"line":67,"column":4},"end":{"line":67,"column":45}}]},"11":{"type":"branch","line":67,"loc":{"start":{"line":67,"column":40},"end":{"line":67,"column":70}},"locations":[{"start":{"line":67,"column":40},"end":{"line":67,"column":70}}]},"12":{"type":"branch","line":82,"loc":{"start":{"line":82,"column":35},"end":{"line":85,"column":3}},"locations":[{"start":{"line":82,"column":35},"end":{"line":85,"column":3}}]},"13":{"type":"branch","line":119,"loc":{"start":{"line":119,"column":31},"end":{"line":126,"column":25}},"locations":[{"start":{"line":119,"column":31},"end":{"line":126,"column":25}}]},"14":{"type":"branch","line":134,"loc":{"start":{"line":134,"column":34},"end":{"line":141,"column":25}},"locations":[{"start":{"line":134,"column":34},"end":{"line":141,"column":25}}]},"15":{"type":"branch","line":151,"loc":{"start":{"line":151,"column":8},"end":{"line":154,"column":14}},"locations":[{"start":{"line":151,"column":8},"end":{"line":154,"column":14}}]},"16":{"type":"branch","line":154,"loc":{"start":{"line":154,"column":8},"end":{"line":167,"column":11}},"locations":[{"start":{"line":154,"column":8},"end":{"line":167,"column":11}}]},"17":{"type":"branch","line":155,"loc":{"start":{"line":155,"column":10},"end":{"line":156,"column":77}},"locations":[{"start":{"line":155,"column":10},"end":{"line":156,"column":77}}]},"18":{"type":"branch","line":156,"loc":{"start":{"line":156,"column":71},"end":{"line":167,"column":11}},"locations":[{"start":{"line":156,"column":71},"end":{"line":167,"column":11}}]},"19":{"type":"branch","line":157,"loc":{"start":{"line":157,"column":33},"end":{"line":158,"column":82}},"locations":[{"start":{"line":157,"column":33},"end":{"line":158,"column":82}}]},"20":{"type":"branch","line":158,"loc":{"start":{"line":158,"column":76},"end":{"line":167,"column":11}},"locations":[{"start":{"line":158,"column":76},"end":{"line":167,"column":11}}]},"21":{"type":"branch","line":60,"loc":{"start":{"line":60,"column":4},"end":{"line":60,"column":55}},"locations":[{"start":{"line":60,"column":4},"end":{"line":60,"column":55}}]},"22":{"type":"branch","line":60,"loc":{"start":{"line":60,"column":25},"end":{"line":60,"column":55}},"locations":[{"start":{"line":60,"column":25},"end":{"line":60,"column":55}}]},"23":{"type":"branch","line":64,"loc":{"start":{"line":64,"column":26},"end":{"line":64,"column":64}},"locations":[{"start":{"line":64,"column":26},"end":{"line":64,"column":64}}]},"24":{"type":"branch","line":64,"loc":{"start":{"line":64,"column":50},"end":{"line":64,"column":61}},"locations":[{"start":{"line":64,"column":50},"end":{"line":64,"column":61}}]},"25":{"type":"branch","line":70,"loc":{"start":{"line":70,"column":30},"end":{"line":77,"column":5}},"locations":[{"start":{"line":70,"column":30},"end":{"line":77,"column":5}}]},"26":{"type":"branch","line":71,"loc":{"start":{"line":71,"column":24},"end":{"line":71,"column":78}},"locations":[{"start":{"line":71,"column":24},"end":{"line":71,"column":78}}]},"27":{"type":"branch","line":72,"loc":{"start":{"line":72,"column":67},"end":{"line":73,"column":73}},"locations":[{"start":{"line":72,"column":67},"end":{"line":73,"column":73}}]},"28":{"type":"branch","line":73,"loc":{"start":{"line":73,"column":55},"end":{"line":73,"column":107}},"locations":[{"start":{"line":73,"column":55},"end":{"line":73,"column":107}}]},"29":{"type":"branch","line":73,"loc":{"start":{"line":73,"column":107},"end":{"line":76,"column":25}},"locations":[{"start":{"line":73,"column":107},"end":{"line":76,"column":25}}]},"30":{"type":"branch","line":89,"loc":{"start":{"line":89,"column":4},"end":{"line":89,"column":70}},"locations":[{"start":{"line":89,"column":4},"end":{"line":89,"column":70}}]},"31":{"type":"branch","line":93,"loc":{"start":{"line":93,"column":23},"end":{"line":93,"column":58}},"locations":[{"start":{"line":93,"column":23},"end":{"line":93,"column":58}}]},"32":{"type":"branch","line":106,"loc":{"start":{"line":106,"column":20},"end":{"line":106,"column":57}},"locations":[{"start":{"line":106,"column":20},"end":{"line":106,"column":57}}]},"33":{"type":"branch","line":107,"loc":{"start":{"line":107,"column":21},"end":{"line":107,"column":64}},"locations":[{"start":{"line":107,"column":21},"end":{"line":107,"column":64}}]},"34":{"type":"branch","line":162,"loc":{"start":{"line":162,"column":28},"end":{"line":163,"column":53}},"locations":[{"start":{"line":162,"column":28},"end":{"line":163,"column":53}}]}},"b":{"0":[17],"1":[0],"2":[11],"3":[11],"4":[0],"5":[0],"6":[0],"7":[6],"8":[0],"9":[11],"10":[0],"11":[0],"12":[3],"13":[0],"14":[0],"15":[11],"16":[6],"17":[2],"18":[4],"19":[2],"20":[2],"21":[8],"22":[0],"23":[8],"24":[1],"25":[8],"26":[0],"27":[0],"28":[0],"29":[0],"30":[8],"31":[3],"32":[3],"33":[3],"34":[2]},"fnMap":{"0":{"name":"SearchPage","decl":{"start":{"line":26,"column":7},"end":{"line":171,"column":1}},"loc":{"start":{"line":26,"column":7},"end":{"line":171,"column":1}},"line":26},"1":{"name":"handleSearch","decl":{"start":{"line":93,"column":23},"end":{"line":93,"column":58}},"loc":{"start":{"line":93,"column":23},"end":{"line":93,"column":58}},"line":93},"2":{"name":"onChange","decl":{"start":{"line":106,"column":20},"end":{"line":106,"column":57}},"loc":{"start":{"line":106,"column":20},"end":{"line":106,"column":57}},"line":106},"3":{"name":"onKeyDown","decl":{"start":{"line":107,"column":21},"end":{"line":107,"column":64}},"loc":{"start":{"line":107,"column":21},"end":{"line":107,"column":64}},"line":107},"4":{"name":"onClick","decl":{"start":{"line":123,"column":27},"end":{"line":123,"column":47}},"loc":{"start":{"line":123,"column":27},"end":{"line":123,"column":47}},"line":123},"5":{"name":"onClick","decl":{"start":{"line":138,"column":27},"end":{"line":138,"column":50}},"loc":{"start":{"line":138,"column":27},"end":{"line":138,"column":50}},"line":138}},"f":{"0":17,"1":3,"2":3,"3":3,"4":0,"5":0}}
,"/tmp/front-end/src/types/index.ts": {"path":"/tmp/front-end/src/types/index.ts","all":true,"statementMap":{},"s":{},"branchMap":{"0":{"type":"branch","line":1,"loc":{"start":{"line":1,"column":868},"end":{"line":42,"column":1}},"locations":[{"start":{"line":1,"column":868},"end":{"line":42,"column":1}}]}},"b":{"0":[1]},"fnMap":{"0":{"name":"(empty-report)","decl":{"start":{"line":1,"column":868},"end":{"line":42,"column":1}},"loc":{"start":{"line":1,"column":868},"end":{"line":42,"column":1}},"line":1}},"f":{"0":1}}
}
